###################################################################
LOG DUMP FOR: cluster_min_running_stat.sql
###################################################################
===================================================================

===================================================================
use thomas_test;

DROP TABLE IF EXISTS cluster_min_running_stat;

CREATE table
    cluster_min_running_stat
stored as
    ORC
as select
    minute_start,
    system,
    min(measure_date) as measure_date,
    sum(memory_job) as memory_cluster,
    sum(vcores_job) as vcores_cluster
from
    thomas_test.job_min_REQUESTED_split_stat as jsr
GROUP by
    minute_start,
    system
-------------------------------------------------------------------
Starting query at: Fri Aug 21 00:06:10 UTC 2015
-------------------------------------------------------------------


Logging initialized using configuration in file:/etc/hive-0.13.1/hive-log4j.properties
Hive history file=/home/hive/log/tnystrand/hive_job_log_18e236e6-e845-4dc1-8b8a-b70ba225143d_1636806285.txt
OK
Time taken: 0.529 seconds
OK
Time taken: 0.481 seconds
Total jobs = 1
Launching Job 1 out of 1


Status: Running (application id: application_1440091118973_1394)

Map 1: -/-	Reducer 2: 0/1	
Map 1: 0/1	Reducer 2: 0/1	
Map 1: 0/1	Reducer 2: 0/1	
Map 1: 0/1	Reducer 2: 0/1	
Map 1: 1/1	Reducer 2: 0/1	
Map 1: 1/1	Reducer 2: 1/1	
Status: Finished successfully
Moving data to: hdfs://nn-dogfood.s3s.altiscale.com:8020/hive/thomas_test.db/cluster_min_running_stat
OK
Time taken: 21.012 seconds

===================================================================
use thomas_test;

DROP TABLE IF EXISTS cluster_min_running_stat;

CREATE table
    cluster_min_running_stat
stored as
    ORC
as select
    minute_start,
    system,
    min(measure_date) as measure_date,
    sum(memory_job) as memory_cluster,
    sum(vcores_job) as vcores_cluster
from
    thomas_test.job_min_REQUESTED_split_stat as jsr
GROUP by
    minute_start,
    system
-------------------------------------------------------------------
Starting query at: Fri Aug 21 00:06:47 UTC 2015
-------------------------------------------------------------------


Logging initialized using configuration in file:/etc/hive-0.13.1/hive-log4j.properties
Hive history file=/home/hive/log/tnystrand/hive_job_log_abc58ab6-e28b-44e6-ba9f-ba80235625f2_158274376.txt
OK
Time taken: 0.633 seconds
OK
Time taken: 0.534 seconds
Total jobs = 1
Launching Job 1 out of 1


Status: Running (application id: application_1440091118973_1395)

Map 1: -/-	Reducer 2: 0/1	
Map 1: 0/1	Reducer 2: 0/1	
Map 1: 0/1	Reducer 2: 0/1	
Map 1: 0/1	Reducer 2: 0/1	
Map 1: 0/1	Reducer 2: 0/1	
Map 1: 0/1	Reducer 2: 0/1	
Map 1: 0/1	Reducer 2: 0/1	
Map 1: 0/1	Reducer 2: 0/1	
Map 1: 0/1	Reducer 2: 0/1	
Map 1: 0/1	Reducer 2: 0/1	
Map 1: 0/1	Reducer 2: 0/1	
Map 1: 0/1	Reducer 2: 0/1	
Map 1: 0/1	Reducer 2: 0/1	
Map 1: 0/1	Reducer 2: 0/1	
Map 1: 0/1	Reducer 2: 0/1	
Map 1: 0/1	Reducer 2: 0/1	
Map 1: 0/1	Reducer 2: 0/1	
Map 1: 0/1	Reducer 2: 0/1	
Map 1: 0/1	Reducer 2: 0/1	
Map 1: 0/1	Reducer 2: 0/1	
Map 1: 0/1	Reducer 2: 0/1	
Map 1: 0/1	Reducer 2: 0/1	
Map 1: 0/1	Reducer 2: 0/1	
Map 1: 0/1	Reducer 2: 0/1	
Map 1: 0/1	Reducer 2: 0/1	
Map 1: 0/1	Reducer 2: 0/1	
Map 1: 0/1	Reducer 2: 0/1	
Map 1: 0/1	Reducer 2: 0/1	
Map 1: 0/1	Reducer 2: 0/1	
Map 1: 0/1	Reducer 2: 0/1	
Map 1: 0/1	Reducer 2: 0/1	
Map 1: 0/1	Reducer 2: 0/1	
Map 1: 0/1	Reducer 2: 0/1	
Map 1: 0/1	Reducer 2: 0/1	
Map 1: 0/1	Reducer 2: 0/1	
Map 1: 0/1	Reducer 2: 0/1	
Map 1: 0/1	Reducer 2: 0/1	
Map 1: 0/1	Reducer 2: 0/1	
Map 1: 0/1	Reducer 2: 0/1	
Map 1: 0/1	Reducer 2: 0/1	
Map 1: 0/1	Reducer 2: 0/1	
Map 1: 0/1	Reducer 2: 0/1	
Map 1: 0/1	Reducer 2: 0/1	
Map 1: 0/1	Reducer 2: 0/1	
Map 1: 0/1	Reducer 2: 0/1	
Map 1: 0/1	Reducer 2: 0/1	
Map 1: 0/1	Reducer 2: 0/1	
Map 1: 0/1	Reducer 2: 0/1	
Map 1: 0/1	Reducer 2: 0/1	
Map 1: 0/1	Reducer 2: 0/1	
Map 1: 0/1	Reducer 2: 0/1	
Map 1: 0/1	Reducer 2: 0/1	
Map 1: 0/1	Reducer 2: 0/1	
Map 1: 0/1	Reducer 2: 0/1	
Map 1: 0/1	Reducer 2: 0/1	
Map 1: 0/1	Reducer 2: 0/1	
Map 1: 0/1	Reducer 2: 0/1	
Map 1: 0/1	Reducer 2: 0/1	
Map 1: 0/1	Reducer 2: 0/1	
Map 1: 0/1	Reducer 2: 0/1	
Map 1: 0/1	Reducer 2: 0/1	
Map 1: 0/1	Reducer 2: 0/1	
Map 1: 0/1	Reducer 2: 0/1	
Map 1: 0/1	Reducer 2: 0/1	
Map 1: 0/1	Reducer 2: 0/1	
Map 1: 0/1	Reducer 2: 0/1	
Map 1: 0/1	Reducer 2: 0/1	
Map 1: 0/1	Reducer 2: 0/1	
Map 1: 0/1	Reducer 2: 0/1	
Map 1: 0/1	Reducer 2: 0/1	
Map 1: 0/1	Reducer 2: 0/1	
Map 1: 0/1	Reducer 2: 0/1	
Map 1: 0/1	Reducer 2: 0/1	
Map 1: 0/1	Reducer 2: 0/1	
Map 1: 0/1	Reducer 2: 0/1	
Map 1: 0/1	Reducer 2: 0/1	
Map 1: 0/1	Reducer 2: 0/1	
Map 1: 0/1	Reducer 2: 0/1	
Map 1: 0/1	Reducer 2: 0/1	
Map 1: 0/1	Reducer 2: 0/1	
Map 1: 0/1	Reducer 2: 0/1	
Map 1: 0/1	Reducer 2: 0/1	
Map 1: 0/1	Reducer 2: 0/1	
Map 1: 0/1	Reducer 2: 0/1	
Map 1: 0/1	Reducer 2: 0/1	
Map 1: 0/1	Reducer 2: 0/1	
Map 1: 0/1	Reducer 2: 0/1	
Map 1: 0/1	Reducer 2: 0/1	
Map 1: 0/1	Reducer 2: 0/1	
Map 1: 0/1	Reducer 2: 0/1	
Map 1: 0/1	Reducer 2: 0/1	
Map 1: 0/1	Reducer 2: 0/1	
Map 1: 0/1	Reducer 2: 0/1	
Map 1: 0/1	Reducer 2: 0/1	
Map 1: 0/1	Reducer 2: 0/1	
Map 1: 0/1	Reducer 2: 0/1	
Map 1: 0/1	Reducer 2: 0/1	
Map 1: 0/1	Reducer 2: 0/1	
Map 1: 0/1	Reducer 2: 0/1	
Map 1: 0/1	Reducer 2: 0/1	
Map 1: 0/1	Reducer 2: 0/1	
Map 1: 0/1	Reducer 2: 0/1	
Map 1: 0/1	Reducer 2: 0/1	
Map 1: 0/1	Reducer 2: 0/1	
Map 1: 0/1	Reducer 2: 0/1	
Map 1: 0/1	Reducer 2: 0/1	
Map 1: 0/1	Reducer 2: 0/1	
Map 1: 0/1	Reducer 2: 0/1	
Map 1: 0/1	Reducer 2: 0/1	
Map 1: 0/1	Reducer 2: 0/1	
Map 1: 1/1	Reducer 2: 0/1	
Map 1: 1/1	Reducer 2: 1/1	
Status: Finished successfully
Moving data to: hdfs://nn-dogfood.s3s.altiscale.com:8020/hive/thomas_test.db/cluster_min_running_stat
OK
Time taken: 348.412 seconds

