###################################################################
LOG DUMP FOR: container_time_series_alloc_and_run_extend.sql
###################################################################
===================================================================

===================================================================
USE eric_cluster_metrics_dev_4;

drop table if exists container_time_series_vhacked_with_unagg;

create table
	container_time_series_vhacked_with_unagg (
		container_wait_time         bigint,
		memory                      double,
		cluster_memory              bigint,
		minute_start                int,
		job_id                      string,
		queue                       string,
		container_id                string,
		state                       string,
		measure_date                string,
		account                     int,
		cluster_uuid                string,
		principal_uuid              string,
		user_key                    string,
		vcores                      double,
		number_apps                 bigint,
		host                        string,
		container_start_time        bigint,
        container_run_time          bigint,
		container_minute_start_time bigint,
		container_wait_time_unagg   bigint
	)
partitioned by (
	system string,
	date string
	)
stored as
	orc;

SET hive.exec.dynamic.partition = true;
SET hive.exec.dynamic.partition.mode = nonstrict;

insert overwrite table container_time_series_vhacked_with_unagg
partition(system,date)
SELECT
	cts.container_wait_time,
	cts.memory,
	cts.cluster_memory,
	cts.minute_start,
	cts.job_id,
	cts.queue,
	cts.container_id,
	cts.state,
	cts.measure_date,
	cts.account,
	cts.cluster_uuid,
	cts.principal_uuid,
	cts.user_key,
	cts.memory/cf.memory*cts.vcores as vcores,
	cts.number_apps,
	cts.host,
	cf.requestedtime as container_start_time,
    cf.allocatedtime as container_run_time,
	floor(cf.requestedtime/60000)*60 as container_minute_start_time,
	if(floor(cf.requestedtime/60000)*60=cts.minute_start,
		cts.container_wait_time,
		cts.container_wait_time
		+floor(cf.requestedtime/1000)
		-cts.minute_start
	) AS container_wait_time_unagg,
	cts.system,
	cts.date
FROM
	container_time_series as cts,
	container_fact as cf
WHERE
	cts.container_id = cf.containerid and
	cts.system 		 = cf.system


-------------------------------------------------------------------
Starting query at: Sat Sep  5 00:24:12 UTC 2015
-------------------------------------------------------------------


Logging initialized using configuration in file:/etc/hive-0.13.1/hive-log4j.properties
Hive history file=/home/hive/log/tnystrand/hive_job_log_af62a6e8-55c0-42be-8448-f83022a515e7_87919062.txt
OK
Time taken: 0.616 seconds
OK
Time taken: 1.273 seconds
OK
Time taken: 7.581 seconds
Total jobs = 1
Launching Job 1 out of 1


Status: Running (application id: application_1441039534664_33782)

Map 1: -/-	Map 4: -/-	Reducer 2: 0/1	Reducer 3: 0/1	
Map 1: 0/9	Map 4: 0/4	Reducer 2: 0/1	Reducer 3: 0/1	
Map 1: 0/9	Map 4: 0/4	Reducer 2: 0/1	Reducer 3: 0/1	
Map 1: 0/9	Map 4: 0/4	Reducer 2: 0/1	Reducer 3: 0/1	
Map 1: 0/9	Map 4: 0/4	Reducer 2: 0/1	Reducer 3: 0/1	
Map 1: 1/9	Map 4: 0/4	Reducer 2: 0/1	Reducer 3: 0/1	
Map 1: 2/9	Map 4: 0/4	Reducer 2: 0/1	Reducer 3: 0/1	
Map 1: 2/9	Map 4: 1/4	Reducer 2: 0/1	Reducer 3: 0/1	
Map 1: 2/9	Map 4: 2/4	Reducer 2: 0/1	Reducer 3: 0/1	
Map 1: 2/9	Map 4: 3/4	Reducer 2: 0/1	Reducer 3: 0/1	
Map 1: 2/9	Map 4: 4/4	Reducer 2: 0/1	Reducer 3: 0/1	
Map 1: 2/9	Map 4: 4/4	Reducer 2: 0/1	Reducer 3: 0/1	
Map 1: 3/9	Map 4: 4/4	Reducer 2: 0/1	Reducer 3: 0/1	
Map 1: 3/9	Map 4: 4/4	Reducer 2: 0/1	Reducer 3: 0/1	
Map 1: 3/9	Map 4: 4/4	Reducer 2: 0/1	Reducer 3: 0/1	
Map 1: 3/9	Map 4: 4/4	Reducer 2: 0/1	Reducer 3: 0/1	
Map 1: 3/9	Map 4: 4/4	Reducer 2: 0/1	Reducer 3: 0/1	
Map 1: 3/9	Map 4: 4/4	Reducer 2: 0/1	Reducer 3: 0/1	
Map 1: 3/9	Map 4: 4/4	Reducer 2: 0/1	Reducer 3: 0/1	
Map 1: 4/9	Map 4: 4/4	Reducer 2: 0/1	Reducer 3: 0/1	
Map 1: 4/9	Map 4: 4/4	Reducer 2: 0/1	Reducer 3: 0/1	
Map 1: 5/9	Map 4: 4/4	Reducer 2: 0/1	Reducer 3: 0/1	
Map 1: 5/9	Map 4: 4/4	Reducer 2: 0/1	Reducer 3: 0/1	
Map 1: 5/9	Map 4: 4/4	Reducer 2: 0/1	Reducer 3: 0/1	
Map 1: 6/9	Map 4: 4/4	Reducer 2: 0/1	Reducer 3: 0/1	
Map 1: 6/9	Map 4: 4/4	Reducer 2: 0/1	Reducer 3: 0/1	
Map 1: 6/9	Map 4: 4/4	Reducer 2: 0/1	Reducer 3: 0/1	
Map 1: 6/9	Map 4: 4/4	Reducer 2: 0/1	Reducer 3: 0/1	
Map 1: 6/9	Map 4: 4/4	Reducer 2: 0/1	Reducer 3: 0/1	
Map 1: 6/9	Map 4: 4/4	Reducer 2: 0/1	Reducer 3: 0/1	
Map 1: 6/9	Map 4: 4/4	Reducer 2: 0/1	Reducer 3: 0/1	
Map 1: 7/9	Map 4: 4/4	Reducer 2: 0/1	Reducer 3: 0/1	
Map 1: 7/9	Map 4: 4/4	Reducer 2: 0/1	Reducer 3: 0/1	
Map 1: 7/9	Map 4: 4/4	Reducer 2: 0/1	Reducer 3: 0/1	
Map 1: 7/9	Map 4: 4/4	Reducer 2: 0/1	Reducer 3: 0/1	
Map 1: 7/9	Map 4: 4/4	Reducer 2: 0/1	Reducer 3: 0/1	
Map 1: 7/9	Map 4: 4/4	Reducer 2: 0/1	Reducer 3: 0/1	
Map 1: 7/9	Map 4: 4/4	Reducer 2: 0/1	Reducer 3: 0/1	
Map 1: 7/9	Map 4: 4/4	Reducer 2: 0/1	Reducer 3: 0/1	
Map 1: 7/9	Map 4: 4/4	Reducer 2: 0/1	Reducer 3: 0/1	
Map 1: 8/9	Map 4: 4/4	Reducer 2: 0/1	Reducer 3: 0/1	
Map 1: 9/9	Map 4: 4/4	Reducer 2: 0/1	Reducer 3: 0/1	
Map 1: 9/9	Map 4: 4/4	Reducer 2: 0/1	Reducer 3: 0/1	
Map 1: 9/9	Map 4: 4/4	Reducer 2: 0/1	Reducer 3: 0/1	
Map 1: 9/9	Map 4: 4/4	Reducer 2: 0/1	Reducer 3: 0/1	
Map 1: 9/9	Map 4: 4/4	Reducer 2: 0/1	Reducer 3: 0/1	
Map 1: 9/9	Map 4: 4/4	Reducer 2: 0/1	Reducer 3: 0/1	
Map 1: 9/9	Map 4: 4/4	Reducer 2: 0/1	Reducer 3: 0/1	
Map 1: 9/9	Map 4: 4/4	Reducer 2: 0/1	Reducer 3: 0/1	
Map 1: 9/9	Map 4: 4/4	Reducer 2: 0/1	Reducer 3: 0/1	
Map 1: 9/9	Map 4: 4/4	Reducer 2: 0/1	Reducer 3: 0/1	
Map 1: 9/9	Map 4: 4/4	Reducer 2: 0/1	Reducer 3: 0/1	
Map 1: 9/9	Map 4: 4/4	Reducer 2: 0/1	Reducer 3: 0/1	
Map 1: 9/9	Map 4: 4/4	Reducer 2: 0/1	Reducer 3: 0/1	
Map 1: 9/9	Map 4: 4/4	Reducer 2: 0/1	Reducer 3: 0/1	
Map 1: 9/9	Map 4: 4/4	Reducer 2: 0/1	Reducer 3: 0/1	
Map 1: 9/9	Map 4: 4/4	Reducer 2: 0/1	Reducer 3: 0/1	
Map 1: 9/9	Map 4: 4/4	Reducer 2: 0/1	Reducer 3: 0/1	
Map 1: 9/9	Map 4: 4/4	Reducer 2: 0/1	Reducer 3: 0/1	
Map 1: 9/9	Map 4: 4/4	Reducer 2: 0/1	Reducer 3: 0/1	
Map 1: 9/9	Map 4: 4/4	Reducer 2: 0/1	Reducer 3: 0/1	
Map 1: 9/9	Map 4: 4/4	Reducer 2: 0/1	Reducer 3: 0/1	
Map 1: 9/9	Map 4: 4/4	Reducer 2: 0/1	Reducer 3: 0/1	
Map 1: 9/9	Map 4: 4/4	Reducer 2: 0/1	Reducer 3: 0/1	
Map 1: 9/9	Map 4: 4/4	Reducer 2: 0/1	Reducer 3: 0/1	
Map 1: 9/9	Map 4: 4/4	Reducer 2: 0/1	Reducer 3: 0/1	
Map 1: 9/9	Map 4: 4/4	Reducer 2: 0/1	Reducer 3: 0/1	
Map 1: 9/9	Map 4: 4/4	Reducer 2: 0/1	Reducer 3: 0/1	
Map 1: 9/9	Map 4: 4/4	Reducer 2: 0/1	Reducer 3: 0/1	
Map 1: 9/9	Map 4: 4/4	Reducer 2: 0/1	Reducer 3: 0/1	
Map 1: 9/9	Map 4: 4/4	Reducer 2: 0/1	Reducer 3: 0/1	
Map 1: 9/9	Map 4: 4/4	Reducer 2: 0/1	Reducer 3: 0/1	
Map 1: 9/9	Map 4: 4/4	Reducer 2: 0/1	Reducer 3: 0/1	
Map 1: 9/9	Map 4: 4/4	Reducer 2: 0/1	Reducer 3: 0/1	
Map 1: 9/9	Map 4: 4/4	Reducer 2: 0/1	Reducer 3: 0/1	
Map 1: 9/9	Map 4: 4/4	Reducer 2: 0/1	Reducer 3: 0/1	
Map 1: 9/9	Map 4: 4/4	Reducer 2: 0/1	Reducer 3: 0/1	
Map 1: 9/9	Map 4: 4/4	Reducer 2: 0/1	Reducer 3: 0/1	
Map 1: 9/9	Map 4: 4/4	Reducer 2: 0/1	Reducer 3: 0/1	
Map 1: 9/9	Map 4: 4/4	Reducer 2: 0/1	Reducer 3: 0/1	
Map 1: 9/9	Map 4: 4/4	Reducer 2: 0/1	Reducer 3: 0/1	
Map 1: 9/9	Map 4: 4/4	Reducer 2: 0/1	Reducer 3: 0/1	
Map 1: 9/9	Map 4: 4/4	Reducer 2: 0/1	Reducer 3: 0/1	
Map 1: 9/9	Map 4: 4/4	Reducer 2: 0/1	Reducer 3: 0/1	
Map 1: 9/9	Map 4: 4/4	Reducer 2: 0/1	Reducer 3: 0/1	
Map 1: 9/9	Map 4: 4/4	Reducer 2: 0/1	Reducer 3: 0/1	
Map 1: 9/9	Map 4: 4/4	Reducer 2: 0/1	Reducer 3: 0/1	
Map 1: 9/9	Map 4: 4/4	Reducer 2: 0/1	Reducer 3: 0/1	
Map 1: 9/9	Map 4: 4/4	Reducer 2: 0/1	Reducer 3: 0/1	
Map 1: 9/9	Map 4: 4/4	Reducer 2: 0/1	Reducer 3: 0/1	
Map 1: 9/9	Map 4: 4/4	Reducer 2: 0/1	Reducer 3: 0/1	
Map 1: 9/9	Map 4: 4/4	Reducer 2: 0/1	Reducer 3: 0/1	
Map 1: 9/9	Map 4: 4/4	Reducer 2: 0/1	Reducer 3: 0/1	
Map 1: 9/9	Map 4: 4/4	Reducer 2: 0/1	Reducer 3: 0/1	
Map 1: 9/9	Map 4: 4/4	Reducer 2: 0/1	Reducer 3: 0/1	
Map 1: 9/9	Map 4: 4/4	Reducer 2: 0/1	Reducer 3: 0/1	
Map 1: 9/9	Map 4: 4/4	Reducer 2: 0/1	Reducer 3: 0/1	
Map 1: 9/9	Map 4: 4/4	Reducer 2: 0/1	Reducer 3: 0/1	
Map 1: 9/9	Map 4: 4/4	Reducer 2: 0/1	Reducer 3: 0/1	
Map 1: 9/9	Map 4: 4/4	Reducer 2: 0/1	Reducer 3: 0/1	
Map 1: 9/9	Map 4: 4/4	Reducer 2: 0/1	Reducer 3: 0/1	
Map 1: 9/9	Map 4: 4/4	Reducer 2: 0/1	Reducer 3: 0/1	
Map 1: 9/9	Map 4: 4/4	Reducer 2: 0/1	Reducer 3: 0/1	
Map 1: 9/9	Map 4: 4/4	Reducer 2: 0/1	Reducer 3: 0/1	
Map 1: 9/9	Map 4: 4/4	Reducer 2: 0/1	Reducer 3: 0/1	
Map 1: 9/9	Map 4: 4/4	Reducer 2: 0/1	Reducer 3: 0/1	
Map 1: 9/9	Map 4: 4/4	Reducer 2: 0/1	Reducer 3: 0/1	
Map 1: 9/9	Map 4: 4/4	Reducer 2: 0/1	Reducer 3: 0/1	
Map 1: 9/9	Map 4: 4/4	Reducer 2: 0/1	Reducer 3: 0/1	
Map 1: 9/9	Map 4: 4/4	Reducer 2: 0/1	Reducer 3: 0/1	
Map 1: 9/9	Map 4: 4/4	Reducer 2: 0/1	Reducer 3: 0/1	
Map 1: 9/9	Map 4: 4/4	Reducer 2: 0/1	Reducer 3: 0/1	
Map 1: 9/9	Map 4: 4/4	Reducer 2: 0/1	Reducer 3: 0/1	
Map 1: 9/9	Map 4: 4/4	Reducer 2: 0/1	Reducer 3: 0/1	
Map 1: 9/9	Map 4: 4/4	Reducer 2: 0/1	Reducer 3: 0/1	
Map 1: 9/9	Map 4: 4/4	Reducer 2: 0/1	Reducer 3: 0/1	
Map 1: 9/9	Map 4: 4/4	Reducer 2: 0/1	Reducer 3: 0/1	
Map 1: 9/9	Map 4: 4/4	Reducer 2: 0/1	Reducer 3: 0/1	
Map 1: 9/9	Map 4: 4/4	Reducer 2: 0/1	Reducer 3: 0/1	
Map 1: 9/9	Map 4: 4/4	Reducer 2: 0/1	Reducer 3: 0/1	
Map 1: 9/9	Map 4: 4/4	Reducer 2: 0/1	Reducer 3: 0/1	
Map 1: 9/9	Map 4: 4/4	Reducer 2: 0/1	Reducer 3: 0/1	
Map 1: 9/9	Map 4: 4/4	Reducer 2: 0/1	Reducer 3: 0/1	
Map 1: 9/9	Map 4: 4/4	Reducer 2: 0/1	Reducer 3: 0/1	
Map 1: 9/9	Map 4: 4/4	Reducer 2: 0/1	Reducer 3: 0/1	
Map 1: 9/9	Map 4: 4/4	Reducer 2: 0/1	Reducer 3: 0/1	
Map 1: 9/9	Map 4: 4/4	Reducer 2: 0/1	Reducer 3: 0/1	
Map 1: 9/9	Map 4: 4/4	Reducer 2: 0/1	Reducer 3: 0/1	
Map 1: 9/9	Map 4: 4/4	Reducer 2: 0/1	Reducer 3: 0/1	
Map 1: 9/9	Map 4: 4/4	Reducer 2: 0/1	Reducer 3: 0/1	
Map 1: 9/9	Map 4: 4/4	Reducer 2: 0/1	Reducer 3: 0/1	
Map 1: 9/9	Map 4: 4/4	Reducer 2: 0/1	Reducer 3: 0/1	
Map 1: 9/9	Map 4: 4/4	Reducer 2: 0/1	Reducer 3: 0/1	
Map 1: 9/9	Map 4: 4/4	Reducer 2: 0/1	Reducer 3: 0/1	
Map 1: 9/9	Map 4: 4/4	Reducer 2: 0/1	Reducer 3: 0/1	
Map 1: 9/9	Map 4: 4/4	Reducer 2: 0/1	Reducer 3: 0/1	
Map 1: 9/9	Map 4: 4/4	Reducer 2: 0/1	Reducer 3: 0/1	
Map 1: 9/9	Map 4: 4/4	Reducer 2: 0/1	Reducer 3: 0/1	
Map 1: 9/9	Map 4: 4/4	Reducer 2: 0/1	Reducer 3: 0/1	
Map 1: 9/9	Map 4: 4/4	Reducer 2: 0/1	Reducer 3: 0/1	
Map 1: 9/9	Map 4: 4/4	Reducer 2: 0/1	Reducer 3: 0/1	
Map 1: 9/9	Map 4: 4/4	Reducer 2: 0/1	Reducer 3: 0/1	
Map 1: 9/9	Map 4: 4/4	Reducer 2: 0/1	Reducer 3: 0/1	
Map 1: 9/9	Map 4: 4/4	Reducer 2: 0/1	Reducer 3: 0/1	
Map 1: 9/9	Map 4: 4/4	Reducer 2: 0/1	Reducer 3: 0/1	
Map 1: 9/9	Map 4: 4/4	Reducer 2: 0/1	Reducer 3: 0/1	
Map 1: 9/9	Map 4: 4/4	Reducer 2: 1/1	Reducer 3: 0/1	
Map 1: 9/9	Map 4: 4/4	Reducer 2: 1/1	Reducer 3: 0/1	
Map 1: 9/9	Map 4: 4/4	Reducer 2: 1/1	Reducer 3: 0/1	
Map 1: 9/9	Map 4: 4/4	Reducer 2: 1/1	Reducer 3: 0/1	
Map 1: 9/9	Map 4: 4/4	Reducer 2: 1/1	Reducer 3: 0/1	
Map 1: 9/9	Map 4: 4/4	Reducer 2: 1/1	Reducer 3: 0/1	
Map 1: 9/9	Map 4: 4/4	Reducer 2: 1/1	Reducer 3: 0/1	
Map 1: 9/9	Map 4: 4/4	Reducer 2: 1/1	Reducer 3: 0/1	
Map 1: 9/9	Map 4: 4/4	Reducer 2: 1/1	Reducer 3: 0/1	
Map 1: 9/9	Map 4: 4/4	Reducer 2: 1/1	Reducer 3: 0/1	
Map 1: 9/9	Map 4: 4/4	Reducer 2: 1/1	Reducer 3: 0/1	
Map 1: 9/9	Map 4: 4/4	Reducer 2: 1/1	Reducer 3: 0/1	
Map 1: 9/9	Map 4: 4/4	Reducer 2: 1/1	Reducer 3: 0/1	
Map 1: 9/9	Map 4: 4/4	Reducer 2: 1/1	Reducer 3: 0/1	
Map 1: 9/9	Map 4: 4/4	Reducer 2: 1/1	Reducer 3: 0/1	
Map 1: 9/9	Map 4: 4/4	Reducer 2: 1/1	Reducer 3: 0/1	
Map 1: 9/9	Map 4: 4/4	Reducer 2: 1/1	Reducer 3: 0/1	
Map 1: 9/9	Map 4: 4/4	Reducer 2: 1/1	Reducer 3: 0/1	
Map 1: 9/9	Map 4: 4/4	Reducer 2: 1/1	Reducer 3: 0/1	
Map 1: 9/9	Map 4: 4/4	Reducer 2: 1/1	Reducer 3: 0/1	
Map 1: 9/9	Map 4: 4/4	Reducer 2: 1/1	Reducer 3: 0/1	
Map 1: 9/9	Map 4: 4/4	Reducer 2: 1/1	Reducer 3: 0/1	
Map 1: 9/9	Map 4: 4/4	Reducer 2: 1/1	Reducer 3: 0/1	
Map 1: 9/9	Map 4: 4/4	Reducer 2: 1/1	Reducer 3: 0/1	
Map 1: 9/9	Map 4: 4/4	Reducer 2: 1/1	Reducer 3: 0/1	
Map 1: 9/9	Map 4: 4/4	Reducer 2: 1/1	Reducer 3: 0/1	
Map 1: 9/9	Map 4: 4/4	Reducer 2: 1/1	Reducer 3: 0/1	
Map 1: 9/9	Map 4: 4/4	Reducer 2: 1/1	Reducer 3: 0/1	
Map 1: 9/9	Map 4: 4/4	Reducer 2: 1/1	Reducer 3: 0/1	
Map 1: 9/9	Map 4: 4/4	Reducer 2: 1/1	Reducer 3: 0/1	
Map 1: 9/9	Map 4: 4/4	Reducer 2: 1/1	Reducer 3: 0/1	
Map 1: 9/9	Map 4: 4/4	Reducer 2: 1/1	Reducer 3: 0/1	
Map 1: 9/9	Map 4: 4/4	Reducer 2: 1/1	Reducer 3: 0/1	
Map 1: 9/9	Map 4: 4/4	Reducer 2: 1/1	Reducer 3: 0/1	
Map 1: 9/9	Map 4: 4/4	Reducer 2: 1/1	Reducer 3: 0/1	
Map 1: 9/9	Map 4: 4/4	Reducer 2: 1/1	Reducer 3: 0/1	
Map 1: 9/9	Map 4: 4/4	Reducer 2: 1/1	Reducer 3: 0/1	
Map 1: 9/9	Map 4: 4/4	Reducer 2: 1/1	Reducer 3: 0/1	
Map 1: 9/9	Map 4: 4/4	Reducer 2: 1/1	Reducer 3: 0/1	
Map 1: 9/9	Map 4: 4/4	Reducer 2: 1/1	Reducer 3: 0/1	
Map 1: 9/9	Map 4: 4/4	Reducer 2: 1/1	Reducer 3: 0/1	
Map 1: 9/9	Map 4: 4/4	Reducer 2: 1/1	Reducer 3: 0/1	
Map 1: 9/9	Map 4: 4/4	Reducer 2: 1/1	Reducer 3: 0/1	
Map 1: 9/9	Map 4: 4/4	Reducer 2: 1/1	Reducer 3: 0/1	
Map 1: 9/9	Map 4: 4/4	Reducer 2: 1/1	Reducer 3: 0/1	
Map 1: 9/9	Map 4: 4/4	Reducer 2: 1/1	Reducer 3: 0/1	
Map 1: 9/9	Map 4: 4/4	Reducer 2: 1/1	Reducer 3: 0/1	
Map 1: 9/9	Map 4: 4/4	Reducer 2: 1/1	Reducer 3: 0/1	
Map 1: 9/9	Map 4: 4/4	Reducer 2: 1/1	Reducer 3: 0/1	
Map 1: 9/9	Map 4: 4/4	Reducer 2: 1/1	Reducer 3: 0/1	
Map 1: 9/9	Map 4: 4/4	Reducer 2: 1/1	Reducer 3: 0/1	
Map 1: 9/9	Map 4: 4/4	Reducer 2: 1/1	Reducer 3: 0/1	
Map 1: 9/9	Map 4: 4/4	Reducer 2: 1/1	Reducer 3: 0/1	
Map 1: 9/9	Map 4: 4/4	Reducer 2: 1/1	Reducer 3: 0/1	
Map 1: 9/9	Map 4: 4/4	Reducer 2: 1/1	Reducer 3: 0/1	
Map 1: 9/9	Map 4: 4/4	Reducer 2: 1/1	Reducer 3: 0/1	
Map 1: 9/9	Map 4: 4/4	Reducer 2: 1/1	Reducer 3: 0/1	
Map 1: 9/9	Map 4: 4/4	Reducer 2: 1/1	Reducer 3: 0/1	
Map 1: 9/9	Map 4: 4/4	Reducer 2: 1/1	Reducer 3: 0/1	
Map 1: 9/9	Map 4: 4/4	Reducer 2: 1/1	Reducer 3: 0/1	
Map 1: 9/9	Map 4: 4/4	Reducer 2: 1/1	Reducer 3: 0/1	
Map 1: 9/9	Map 4: 4/4	Reducer 2: 1/1	Reducer 3: 0/1	
Map 1: 9/9	Map 4: 4/4	Reducer 2: 1/1	Reducer 3: 0/1	
Map 1: 9/9	Map 4: 4/4	Reducer 2: 1/1	Reducer 3: 0/1	
Map 1: 9/9	Map 4: 4/4	Reducer 2: 1/1	Reducer 3: 0/1	
Map 1: 9/9	Map 4: 4/4	Reducer 2: 1/1	Reducer 3: 0/1	
Map 1: 9/9	Map 4: 4/4	Reducer 2: 1/1	Reducer 3: 0/1	
Map 1: 9/9	Map 4: 4/4	Reducer 2: 1/1	Reducer 3: 0/1	
Map 1: 9/9	Map 4: 4/4	Reducer 2: 1/1	Reducer 3: 0/1	
Map 1: 9/9	Map 4: 4/4	Reducer 2: 1/1	Reducer 3: 0/1	
Map 1: 9/9	Map 4: 4/4	Reducer 2: 1/1	Reducer 3: 0/1	
Map 1: 9/9	Map 4: 4/4	Reducer 2: 1/1	Reducer 3: 0/1	
Map 1: 9/9	Map 4: 4/4	Reducer 2: 1/1	Reducer 3: 0/1	
Map 1: 9/9	Map 4: 4/4	Reducer 2: 1/1	Reducer 3: 0/1	
Map 1: 9/9	Map 4: 4/4	Reducer 2: 1/1	Reducer 3: 0/1	
Map 1: 9/9	Map 4: 4/4	Reducer 2: 1/1	Reducer 3: 0/1	
Map 1: 9/9	Map 4: 4/4	Reducer 2: 1/1	Reducer 3: 0/1	
Map 1: 9/9	Map 4: 4/4	Reducer 2: 1/1	Reducer 3: 0/1	
Map 1: 9/9	Map 4: 4/4	Reducer 2: 1/1	Reducer 3: 0/1	
Map 1: 9/9	Map 4: 4/4	Reducer 2: 1/1	Reducer 3: 0/1	
Map 1: 9/9	Map 4: 4/4	Reducer 2: 1/1	Reducer 3: 0/1	
Map 1: 9/9	Map 4: 4/4	Reducer 2: 1/1	Reducer 3: 0/1	
Map 1: 9/9	Map 4: 4/4	Reducer 2: 1/1	Reducer 3: 0/1	
Map 1: 9/9	Map 4: 4/4	Reducer 2: 1/1	Reducer 3: 0/1	
Map 1: 9/9	Map 4: 4/4	Reducer 2: 1/1	Reducer 3: 0/1	
Map 1: 9/9	Map 4: 4/4	Reducer 2: 1/1	Reducer 3: 0/1	
Map 1: 9/9	Map 4: 4/4	Reducer 2: 1/1	Reducer 3: 0/1	
Map 1: 9/9	Map 4: 4/4	Reducer 2: 1/1	Reducer 3: 0/1	
Map 1: 9/9	Map 4: 4/4	Reducer 2: 1/1	Reducer 3: 0/1	
Map 1: 9/9	Map 4: 4/4	Reducer 2: 1/1	Reducer 3: 0/1	
Map 1: 9/9	Map 4: 4/4	Reducer 2: 1/1	Reducer 3: 0/1	
Map 1: 9/9	Map 4: 4/4	Reducer 2: 1/1	Reducer 3: 0/1	
Map 1: 9/9	Map 4: 4/4	Reducer 2: 1/1	Reducer 3: 0/1	
Map 1: 9/9	Map 4: 4/4	Reducer 2: 1/1	Reducer 3: 0/1	
Map 1: 9/9	Map 4: 4/4	Reducer 2: 1/1	Reducer 3: 0/1	
Map 1: 9/9	Map 4: 4/4	Reducer 2: 1/1	Reducer 3: 0/1	
Map 1: 9/9	Map 4: 4/4	Reducer 2: 1/1	Reducer 3: 0/1	
Map 1: 9/9	Map 4: 4/4	Reducer 2: 1/1	Reducer 3: 0/1	
Map 1: 9/9	Map 4: 4/4	Reducer 2: 1/1	Reducer 3: 0/1	
Map 1: 9/9	Map 4: 4/4	Reducer 2: 1/1	Reducer 3: 0/1	
Map 1: 9/9	Map 4: 4/4	Reducer 2: 1/1	Reducer 3: 0/1	
Map 1: 9/9	Map 4: 4/4	Reducer 2: 1/1	Reducer 3: 0/1	
Map 1: 9/9	Map 4: 4/4	Reducer 2: 1/1	Reducer 3: 0/1	
Map 1: 9/9	Map 4: 4/4	Reducer 2: 1/1	Reducer 3: 0/1	
Map 1: 9/9	Map 4: 4/4	Reducer 2: 1/1	Reducer 3: 1/1	
Status: Finished successfully
Loading data to table eric_cluster_metrics_dev_4.container_time_series_vhacked_with_unagg partition (system=null, date=null)
	Loading partition {system=marketshare, date=2015-07-12}
	Loading partition {system=dogfood, date=2015-07-08}
	Loading partition {system=visiblemeasures, date=2015-07-08}
	Loading partition {system=visiblemeasures, date=2015-07-09}
	Loading partition {system=visiblemeasures, date=2015-07-12}
	Loading partition {system=marketshare, date=2015-07-11}
	Loading partition {system=visiblemeasures, date=2015-07-11}
	Loading partition {system=iheartradio, date=2015-07-11}
	Loading partition {system=visiblemeasures, date=2015-07-10}
	Loading partition {system=dogfood, date=2015-07-13}
	Loading partition {system=iheartradio, date=2015-07-08}
	Loading partition {system=iheartradio, date=2015-07-12}
	Loading partition {system=marketshare, date=2015-07-13}
	Loading partition {system=iheartradio, date=2015-07-09}
	Loading partition {system=marketshare, date=2015-07-08}
	Loading partition {system=dogfood, date=2015-07-11}
	Loading partition {system=dogfood, date=2015-07-10}
	Loading partition {system=dogfood, date=2015-07-14}
	Loading partition {system=marketshare, date=2015-07-10}
	Loading partition {system=iheartradio, date=2015-07-14}
	Loading partition {system=dogfood, date=2015-07-12}
	Loading partition {system=visiblemeasures, date=2015-07-14}
	Loading partition {system=marketshare, date=2015-07-14}
	Loading partition {system=visiblemeasures, date=2015-07-13}
	Loading partition {system=iheartradio, date=2015-07-10}
	Loading partition {system=iheartradio, date=2015-07-13}
	Loading partition {system=dogfood, date=2015-07-09}
	Loading partition {system=marketshare, date=2015-07-09}
OK
Time taken: 776.839 seconds

