###################################################################
LOG DUMP FOR: job_wait_reasons_min_granularity.sql
###################################################################
===================================================================

===================================================================
use thomas_test;
    
drop table if exists job_wait_reasons_min_granularity;

create table
    job_wait_reasons_min_granularity
stored as
    ORC
as select
    job_id,
    system,
    min(measure_date) as measure_date,

    sum(memory) as memory_waiting,
    sum(vcores) as vcores_waiting,
    sum(memory_sec_convrt) as
        memory_sec_convrt,
    sum(vcores_sec_convrt) as
        vcores_sec_convrt,
    
    max(container_wait_time) as max_container_wait_time,
    count(*) as num_waited_containers,
    sum(case when (memory_job > 0.9*memory_max_capacity) then memory_sec_convrt else 0 end) as max_mem_capacity_robbed_MBmin,
    sum(case when (vcores_job > 0.9*vcore_max_capacity ) then vcores_sec_convrt else 0 end) as max_vcr_capacity_robbed_VCRmin,
    sum(case when (memory_cluster > 0.9*total_cluster_memory and memory_job < memory_capacity) then memory_sec_convrt else 0 end)
        as elastic_unfairness_mem_capped_MBmin,
    sum(case when (vcores_cluster > 0.9*total_cluster_vcores and vcores_job < vcore_capacity) then memory_sec_convrt else 0 end)
        as elastic_unfairness_vcore_capped_VCRmin,
    sum(case when (memory_cluster > 0.9*total_cluster_memory
                    and memory_job between memory_capacity and 0.9*total_cluster_memory) then memory_sec_convrt else 0 end)
        as competing_job_mem_capped_MBmin,
    sum(case when (vcores_cluster > 0.9*total_cluster_vcores
                    and vcores_job between vcore_capacity and 0.9*total_cluster_vcores) then memory_sec_convrt else 0 end)
        as competing_job_vcore_capped_VCRmin
from
    thomas_test.container_time_series_extended_min as cts
group by
    job_id,
    system
-------------------------------------------------------------------
Starting query at: Sat Sep 26 01:35:48 UTC 2015
-------------------------------------------------------------------


Logging initialized using configuration in file:/etc/hive-0.13.1/hive-log4j.properties
Hive history file=/home/hive/log/tnystrand/hive_job_log_b7d4918e-25d7-4241-8452-ec6d3fc9e804_757307561.txt
OK
Time taken: 0.612 seconds
OK
Time taken: 0.453 seconds
WARNING: Comparing a bigint and a double may result in a loss of precision.
Total jobs = 1
Launching Job 1 out of 1

===================================================================
use thomas_test;
    
drop table if exists job_wait_reasons_min_granularity;

create table
    job_wait_reasons_min_granularity
stored as
    ORC
as select
    job_id,
    system,
    min(measure_date) as measure_date,

    sum(memory) as memory_waiting,
    sum(vcores) as vcores_waiting,
    sum(memory_sec_convrt) as
        memory_sec_convrt,
    sum(vcores_sec_convrt) as
        vcores_sec_convrt,
    
    max(container_wait_time) as max_container_wait_time,
    count(*) as num_waited_containers,
    sum(case when (memory_job > 0.9*memory_max_capacity) then memory_sec_convrt else 0 end) as max_mem_capacity_robbed_MBmin,
    sum(case when (vcores_job > 0.9*vcore_max_capacity ) then memory_sec_convrt else 0 end) as max_vcr_capacity_robbed_VCRmin,
    sum(case when (memory_cluster > 0.9*total_cluster_memory and memory_job < memory_capacity) then memory_sec_convrt else 0 end)
        as elastic_unfairness_mem_capped_MBmin,
    sum(case when (vcores_cluster > 0.9*total_cluster_vcores and vcores_job < vcore_capacity) then memory_sec_convrt else 0 end)
        as elastic_unfairness_vcore_capped_VCRmin,
    sum(case when (memory_cluster > 0.9*total_cluster_memory
                    and memory_job between memory_capacity and 0.9*memory_max_capacity) then memory_sec_convrt else 0 end)
        as competing_job_mem_capped_MBmin,
    sum(case when (vcores_cluster > 0.9*total_cluster_vcores
                    and vcores_job between vcore_capacity and 0.9*vcore_max_capacity) then memory_sec_convrt else 0 end)
        as competing_job_vcore_capped_VCRmin
from
    thomas_test.container_time_series_extended_min as cts
group by
    job_id,
    system
-------------------------------------------------------------------
Starting query at: Sat Sep 26 01:36:10 UTC 2015
-------------------------------------------------------------------


Logging initialized using configuration in file:/etc/hive-0.13.1/hive-log4j.properties
Hive history file=/home/hive/log/tnystrand/hive_job_log_87534cc8-5fb7-4907-a65b-6753b18a8877_845057997.txt
OK
Time taken: 0.611 seconds
OK
Time taken: 0.151 seconds
WARNING: Comparing a bigint and a double may result in a loss of precision.
Total jobs = 1
Launching Job 1 out of 1


Status: Running (application id: application_1442298768312_61615)

Map 1: -/-	Reducer 2: 0/1	
Map 1: 0/2	Reducer 2: 0/1	
Map 1: 0/2	Reducer 2: 0/1	
Map 1: 1/2	Reducer 2: 0/1	
Map 1: 1/2	Reducer 2: 0/1	
Map 1: 2/2	Reducer 2: 0/1	
Map 1: 2/2	Reducer 2: 1/1	
Status: Finished successfully
Moving data to: hdfs://nn-dogfood.s3s.altiscale.com:8020/hive/thomas_test.db/job_wait_reasons_min_granularity
OK
Time taken: 21.672 seconds

