###################################################################
LOG DUMP FOR: job_metrics_from_cts_report_sec.sql
###################################################################
===================================================================

===================================================================
use thomas_test;
    
drop table if exists job_metrics_from_cts_report_sec;

create table
    job_metrics_from_cts_report_sec
as with job_metrics_gather
    as (
    select
        job_id,
        system,
        max(number_waiting_containers_job) as max_waiting_containers,
        avg(number_waiting_containers_job) as avg_waiting_containers,
        max(memory_of_waiting_containers_job) as max_waiting_mem_containers,
        avg(memory_of_waiting_containers_job) as avg_waiting_mem_containers,
        max(vcore_of_waiting_containers_job) as max_waiting_vcr_containers,
        avg(vcore_of_waiting_containers_job) as avg_waiting_vcr_containers
    from
        job_sec_waiting_container_stats
    group by
        job_id,
        system
    )
select
    jwr.*,
    jmg.max_waiting_containers,
    jmg.avg_waiting_containers,
    jmg.max_waiting_mem_containers,
    jmg.avg_waiting_mem_containers,
    jmg.max_waiting_vcr_containers,
    jmg.avg_waiting_vcr_containers
from
    thomas_test.job_wait_reasons_sec_granularity as jwr,
    job_metrics_gather as jmg
where
    jmg.job_id=jwr.job_id and
    jmg.system=jwr.system
-------------------------------------------------------------------
Starting query at: Mon Aug 24 18:40:57 UTC 2015
-------------------------------------------------------------------


Logging initialized using configuration in file:/etc/hive-0.13.1/hive-log4j.properties
Hive history file=/home/hive/log/tnystrand/hive_job_log_de8ccc01-b387-4831-9be3-9e4e6120b00d_1535209673.txt
OK
Time taken: 0.581 seconds
OK
Time taken: 0.557 seconds
Total jobs = 1
Launching Job 1 out of 1


Status: Running (application id: application_1440091118973_21822)

Map 1: -/-	Map 2: -/-	Reducer 3: 0/1	
Map 1: 0/1	Map 2: 0/1	Reducer 3: 0/1	
Map 1: 0/1	Map 2: 0/1	Reducer 3: 0/1	
Map 1: 1/1	Map 2: 0/1	Reducer 3: 0/1	
Map 1: 1/1	Map 2: 1/1	Reducer 3: 0/1	
Map 1: 1/1	Map 2: 1/1	Reducer 3: 1/1	
Status: Finished successfully
Moving data to: hdfs://nn-dogfood.s3s.altiscale.com:8020/hive/thomas_test.db/job_metrics_from_cts_report_sec
OK
Time taken: 17.981 seconds

===================================================================
use thomas_test;
    
drop table if exists job_metrics_from_cts_report_sec;

create table
    job_metrics_from_cts_report_sec
as with job_metrics_gather
    as (
    select
        job_id,
        system,
        max(number_waiting_containers_job) as max_waiting_containers,
        avg(number_waiting_containers_job) as avg_waiting_containers,
        max(memory_of_waiting_containers_job) as max_waiting_mem_containers,
        avg(memory_of_waiting_containers_job) as avg_waiting_mem_containers,
        max(vcore_of_waiting_containers_job) as max_waiting_vcr_containers,
        avg(vcore_of_waiting_containers_job) as avg_waiting_vcr_containers
    from
        job_sec_waiting_container_stats
    group by
        job_id,
        system
    )
select
    jwr.*,
    jmg.max_waiting_containers,
    jmg.avg_waiting_containers,
    jmg.max_waiting_mem_containers,
    jmg.avg_waiting_mem_containers,
    jmg.max_waiting_vcr_containers,
    jmg.avg_waiting_vcr_containers
from
    thomas_test.job_wait_reasons_sec_granularity as jwr,
    job_metrics_gather as jmg
where
    jmg.job_id=jwr.job_id and
    jmg.system=jwr.system
-------------------------------------------------------------------
Starting query at: Wed Aug 26 00:18:23 UTC 2015
-------------------------------------------------------------------


Logging initialized using configuration in file:/etc/hive-0.13.1/hive-log4j.properties
Hive history file=/home/hive/log/tnystrand/hive_job_log_11f609e3-9b1c-4426-87ad-1be8fedd4c3c_187972789.txt
OK
Time taken: 0.589 seconds
OK
Time taken: 0.417 seconds
Total jobs = 1
Launching Job 1 out of 1


Status: Running (application id: application_1440512304447_1749)

Map 1: -/-	Map 2: -/-	Reducer 3: 0/1	
Map 1: -/-	Map 2: 0/1	Reducer 3: 0/1	
Map 1: 0/1	Map 2: 0/1	Reducer 3: 0/1	
Map 1: 0/1	Map 2: 0/1	Reducer 3: 0/1	
Map 1: 0/1	Map 2: 0/1	Reducer 3: 0/1	
Map 1: 0/1	Map 2: 0/1	Reducer 3: 0/1	
Map 1: 0/1	Map 2: 0/1	Reducer 3: 0/1	
Map 1: 0/1	Map 2: 0/1	Reducer 3: 0/1	
Map 1: 0/1	Map 2: 0/1	Reducer 3: 0/1	
Map 1: 0/1	Map 2: 0/1	Reducer 3: 0/1	
Map 1: 0/1	Map 2: 0/1	Reducer 3: 0/1	
Map 1: 0/1	Map 2: 0/1	Reducer 3: 0/1	
Map 1: 0/1	Map 2: 0/1	Reducer 3: 0/1	
Map 1: 0/1	Map 2: 0/1	Reducer 3: 0/1	
Map 1: 0/1	Map 2: 0/1	Reducer 3: 0/1	
Map 1: 0/1	Map 2: 0/1	Reducer 3: 0/1	
Map 1: 0/1	Map 2: 0/1	Reducer 3: 0/1	
Map 1: 0/1	Map 2: 0/1	Reducer 3: 0/1	
Map 1: 0/1	Map 2: 0/1	Reducer 3: 0/1	
Map 1: 0/1	Map 2: 0/1	Reducer 3: 0/1	
Map 1: 0/1	Map 2: 0/1	Reducer 3: 0/1	
Map 1: 0/1	Map 2: 0/1	Reducer 3: 0/1	
Map 1: 0/1	Map 2: 0/1	Reducer 3: 0/1	
Map 1: 0/1	Map 2: 0/1	Reducer 3: 0/1	
Map 1: 0/1	Map 2: 1/1	Reducer 3: 0/1	
Map 1: 1/1	Map 2: 1/1	Reducer 3: 0/1	
Map 1: 1/1	Map 2: 1/1	Reducer 3: 1/1	
Status: Finished successfully
Moving data to: hdfs://nn-dogfood.s3s.altiscale.com:8020/hive/thomas_test.db/job_metrics_from_cts_report_sec
OK
Time taken: 88.618 seconds

