###################################################################
LOG DUMP FOR: container_time_series_alloc_and_run_extend.sql
###################################################################
===================================================================

===================================================================
USE eric_cluster_metrics_dev_4;

drop table if exists container_time_series_alloc_and_run_extend;

create table
    container_time_series_alloc_and_run_extend (
		container_wait_time         bigint,
		memory                      double,
		cluster_memory              bigint,
		minute_start                int,
		job_id                      string,
		queue                       string,
		container_id                string,
		state                       string,
		measure_date                string,
		account                     int,
		cluster_uuid                string,
		principal_uuid              string,
		user_key                    string,
		vcores                      double,
		number_apps                 bigint,
		host                        string,
		container_start_time        bigint,
        container_run_time          bigint,
		container_minute_start_time bigint,
		container_wait_time_unagg   bigint
	)
partitioned by (
	system string,
	date string
	)
stored as
	orc;

SET hive.exec.dynamic.partition = true;
SET hive.exec.dynamic.partition.mode = nonstrict;

insert overwrite table container_time_series_vhacked_with_unagg
partition(system,date)
SELECT
	cts.container_wait_time,
	cts.memory,
	cts.cluster_memory,
	cts.minute_start,
	cts.job_id,
	cts.queue,
	cts.container_id,
	cts.state,
	cts.measure_date,
	cts.account,
	cts.cluster_uuid,
	cts.principal_uuid,
	cts.user_key,
	cts.memory/cf.memory*cts.vcores as vcores,
	cts.number_apps,
	cts.host,
	cf.requestedtime as container_start_time,
    cf.allocatedtime as container_run_time,
	floor(cf.requestedtime/60000)*60 as container_minute_start_time,
	if(floor(cf.requestedtime/60000)*60=cts.minute_start,
		cts.container_wait_time,
		cts.container_wait_time
		+floor(cf.requestedtime/1000)
		-cts.minute_start
	) AS container_wait_time_unagg,
	cts.system,
	cts.date
FROM
	container_time_series as cts,
	container_fact as cf
WHERE
	cts.container_id = cf.containerid and
	cts.system 		 = cf.system


-------------------------------------------------------------------
Starting query at: Sat Sep  5 01:01:33 UTC 2015
-------------------------------------------------------------------


Logging initialized using configuration in file:/etc/hive-0.13.1/hive-log4j.properties
Hive history file=/home/hive/log/tnystrand/hive_job_log_4a0c6e63-1965-499d-b132-0a98f0cf8fc2_1023133100.txt
OK
Time taken: 0.566 seconds
OK
Time taken: 0.167 seconds
OK
Time taken: 0.541 seconds
Total jobs = 1
Launching Job 1 out of 1


Status: Running (application id: application_1441039534664_33839)

Map 1: -/-	Map 4: -/-	Reducer 2: 0/1	Reducer 3: 0/1	
Map 1: 0/9	Map 4: 0/4	Reducer 2: 0/1	Reducer 3: 0/1	
Map 1: 0/9	Map 4: 0/4	Reducer 2: 0/1	Reducer 3: 0/1	
Map 1: 0/9	Map 4: 0/4	Reducer 2: 0/1	Reducer 3: 0/1	
Map 1: 0/9	Map 4: 0/4	Reducer 2: 0/1	Reducer 3: 0/1	
Map 1: 0/9	Map 4: 0/4	Reducer 2: 0/1	Reducer 3: 0/1	
Map 1: 1/9	Map 4: 0/4	Reducer 2: 0/1	Reducer 3: 0/1	
Map 1: 2/9	Map 4: 0/4	Reducer 2: 0/1	Reducer 3: 0/1	
Map 1: 2/9	Map 4: 1/4	Reducer 2: 0/1	Reducer 3: 0/1	
Map 1: 2/9	Map 4: 2/4	Reducer 2: 0/1	Reducer 3: 0/1	
Map 1: 2/9	Map 4: 3/4	Reducer 2: 0/1	Reducer 3: 0/1	
Map 1: 2/9	Map 4: 4/4	Reducer 2: 0/1	Reducer 3: 0/1	
Map 1: 2/9	Map 4: 4/4	Reducer 2: 0/1	Reducer 3: 0/1	
Map 1: 3/9	Map 4: 4/4	Reducer 2: 0/1	Reducer 3: 0/1	
Map 1: 3/9	Map 4: 4/4	Reducer 2: 0/1	Reducer 3: 0/1	
Map 1: 3/9	Map 4: 4/4	Reducer 2: 0/1	Reducer 3: 0/1	
Map 1: 3/9	Map 4: 4/4	Reducer 2: 0/1	Reducer 3: 0/1	
Map 1: 3/9	Map 4: 4/4	Reducer 2: 0/1	Reducer 3: 0/1	
Map 1: 3/9	Map 4: 4/4	Reducer 2: 0/1	Reducer 3: 0/1	
Map 1: 3/9	Map 4: 4/4	Reducer 2: 0/1	Reducer 3: 0/1	
Map 1: 4/9	Map 4: 4/4	Reducer 2: 0/1	Reducer 3: 0/1	
Map 1: 4/9	Map 4: 4/4	Reducer 2: 0/1	Reducer 3: 0/1	
Map 1: 5/9	Map 4: 4/4	Reducer 2: 0/1	Reducer 3: 0/1	
Map 1: 5/9	Map 4: 4/4	Reducer 2: 0/1	Reducer 3: 0/1	
Map 1: 5/9	Map 4: 4/4	Reducer 2: 0/1	Reducer 3: 0/1	
Map 1: 5/9	Map 4: 4/4	Reducer 2: 0/1	Reducer 3: 0/1	
Map 1: 6/9	Map 4: 4/4	Reducer 2: 0/1	Reducer 3: 0/1	
Map 1: 6/9	Map 4: 4/4	Reducer 2: 0/1	Reducer 3: 0/1	
Map 1: 6/9	Map 4: 4/4	Reducer 2: 0/1	Reducer 3: 0/1	
Map 1: 6/9	Map 4: 4/4	Reducer 2: 0/1	Reducer 3: 0/1	
Map 1: 6/9	Map 4: 4/4	Reducer 2: 0/1	Reducer 3: 0/1	
Map 1: 6/9	Map 4: 4/4	Reducer 2: 0/1	Reducer 3: 0/1	
Map 1: 6/9	Map 4: 4/4	Reducer 2: 0/1	Reducer 3: 0/1	
Map 1: 7/9	Map 4: 4/4	Reducer 2: 0/1	Reducer 3: 0/1	
Map 1: 7/9	Map 4: 4/4	Reducer 2: 0/1	Reducer 3: 0/1	
Map 1: 7/9	Map 4: 4/4	Reducer 2: 0/1	Reducer 3: 0/1	
Map 1: 7/9	Map 4: 4/4	Reducer 2: 0/1	Reducer 3: 0/1	
Map 1: 8/9	Map 4: 4/4	Reducer 2: 0/1	Reducer 3: 0/1	
Map 1: 8/9	Map 4: 4/4	Reducer 2: 0/1	Reducer 3: 0/1	
Map 1: 9/9	Map 4: 4/4	Reducer 2: 0/1	Reducer 3: 0/1	
Map 1: 9/9	Map 4: 4/4	Reducer 2: 0/1	Reducer 3: 0/1	
Map 1: 9/9	Map 4: 4/4	Reducer 2: 0/1	Reducer 3: 0/1	
Map 1: 9/9	Map 4: 4/4	Reducer 2: 0/1	Reducer 3: 0/1	
Map 1: 9/9	Map 4: 4/4	Reducer 2: 0/1	Reducer 3: 0/1	
Map 1: 9/9	Map 4: 4/4	Reducer 2: 0/1	Reducer 3: 0/1	
Map 1: 9/9	Map 4: 4/4	Reducer 2: 0/1	Reducer 3: 0/1	
Map 1: 9/9	Map 4: 4/4	Reducer 2: 0/1	Reducer 3: 0/1	
Map 1: 9/9	Map 4: 4/4	Reducer 2: 0/1	Reducer 3: 0/1	
Map 1: 9/9	Map 4: 4/4	Reducer 2: 0/1	Reducer 3: 0/1	
Map 1: 9/9	Map 4: 4/4	Reducer 2: 0/1	Reducer 3: 0/1	
Map 1: 9/9	Map 4: 4/4	Reducer 2: 0/1	Reducer 3: 0/1	
Map 1: 9/9	Map 4: 4/4	Reducer 2: 0/1	Reducer 3: 0/1	
Map 1: 9/9	Map 4: 4/4	Reducer 2: 0/1	Reducer 3: 0/1	
Map 1: 9/9	Map 4: 4/4	Reducer 2: 0/1	Reducer 3: 0/1	
Map 1: 9/9	Map 4: 4/4	Reducer 2: 0/1	Reducer 3: 0/1	
Map 1: 9/9	Map 4: 4/4	Reducer 2: 0/1	Reducer 3: 0/1	
Map 1: 9/9	Map 4: 4/4	Reducer 2: 0/1	Reducer 3: 0/1	
Map 1: 9/9	Map 4: 4/4	Reducer 2: 0/1	Reducer 3: 0/1	
Map 1: 9/9	Map 4: 4/4	Reducer 2: 0/1	Reducer 3: 0/1	
Map 1: 9/9	Map 4: 4/4	Reducer 2: 0/1	Reducer 3: 0/1	
Map 1: 9/9	Map 4: 4/4	Reducer 2: 0/1	Reducer 3: 0/1	
Map 1: 9/9	Map 4: 4/4	Reducer 2: 0/1	Reducer 3: 0/1	
Map 1: 9/9	Map 4: 4/4	Reducer 2: 0/1	Reducer 3: 0/1	
Map 1: 9/9	Map 4: 4/4	Reducer 2: 0/1	Reducer 3: 0/1	
Map 1: 9/9	Map 4: 4/4	Reducer 2: 0/1	Reducer 3: 0/1	
Map 1: 9/9	Map 4: 4/4	Reducer 2: 0/1	Reducer 3: 0/1	
Map 1: 9/9	Map 4: 4/4	Reducer 2: 0/1	Reducer 3: 0/1	
Map 1: 9/9	Map 4: 4/4	Reducer 2: 0/1	Reducer 3: 0/1	
Map 1: 9/9	Map 4: 4/4	Reducer 2: 0/1	Reducer 3: 0/1	
Map 1: 9/9	Map 4: 4/4	Reducer 2: 0/1	Reducer 3: 0/1	
Map 1: 9/9	Map 4: 4/4	Reducer 2: 0/1	Reducer 3: 0/1	
Map 1: 9/9	Map 4: 4/4	Reducer 2: 0/1	Reducer 3: 0/1	
Map 1: 9/9	Map 4: 4/4	Reducer 2: 0/1	Reducer 3: 0/1	
Map 1: 9/9	Map 4: 4/4	Reducer 2: 0/1	Reducer 3: 0/1	
Map 1: 9/9	Map 4: 4/4	Reducer 2: 0/1	Reducer 3: 0/1	
Map 1: 9/9	Map 4: 4/4	Reducer 2: 0/1	Reducer 3: 0/1	
Map 1: 9/9	Map 4: 4/4	Reducer 2: 0/1	Reducer 3: 0/1	
Map 1: 9/9	Map 4: 4/4	Reducer 2: 0/1	Reducer 3: 0/1	
Map 1: 9/9	Map 4: 4/4	Reducer 2: 0/1	Reducer 3: 0/1	
Map 1: 9/9	Map 4: 4/4	Reducer 2: 0/1	Reducer 3: 0/1	
Map 1: 9/9	Map 4: 4/4	Reducer 2: 0/1	Reducer 3: 0/1	
Map 1: 9/9	Map 4: 4/4	Reducer 2: 0/1	Reducer 3: 0/1	
Map 1: 9/9	Map 4: 4/4	Reducer 2: 0/1	Reducer 3: 0/1	
Map 1: 9/9	Map 4: 4/4	Reducer 2: 0/1	Reducer 3: 0/1	
Map 1: 9/9	Map 4: 4/4	Reducer 2: 0/1	Reducer 3: 0/1	
Map 1: 9/9	Map 4: 4/4	Reducer 2: 0/1	Reducer 3: 0/1	
Map 1: 9/9	Map 4: 4/4	Reducer 2: 0/1	Reducer 3: 0/1	
Map 1: 9/9	Map 4: 4/4	Reducer 2: 0/1	Reducer 3: 0/1	
Map 1: 9/9	Map 4: 4/4	Reducer 2: 0/1	Reducer 3: 0/1	
Map 1: 9/9	Map 4: 4/4	Reducer 2: 0/1	Reducer 3: 0/1	
Map 1: 9/9	Map 4: 4/4	Reducer 2: 0/1	Reducer 3: 0/1	
Map 1: 9/9	Map 4: 4/4	Reducer 2: 0/1	Reducer 3: 0/1	
Map 1: 9/9	Map 4: 4/4	Reducer 2: 0/1	Reducer 3: 0/1	
Map 1: 9/9	Map 4: 4/4	Reducer 2: 0/1	Reducer 3: 0/1	
Map 1: 9/9	Map 4: 4/4	Reducer 2: 0/1	Reducer 3: 0/1	
Map 1: 9/9	Map 4: 4/4	Reducer 2: 0/1	Reducer 3: 0/1	
Map 1: 9/9	Map 4: 4/4	Reducer 2: 0/1	Reducer 3: 0/1	
Map 1: 9/9	Map 4: 4/4	Reducer 2: 0/1	Reducer 3: 0/1	
Map 1: 9/9	Map 4: 4/4	Reducer 2: 0/1	Reducer 3: 0/1	
Map 1: 9/9	Map 4: 4/4	Reducer 2: 0/1	Reducer 3: 0/1	
Map 1: 9/9	Map 4: 4/4	Reducer 2: 0/1	Reducer 3: 0/1	
Map 1: 9/9	Map 4: 4/4	Reducer 2: 0/1	Reducer 3: 0/1	
Map 1: 9/9	Map 4: 4/4	Reducer 2: 0/1	Reducer 3: 0/1	
Map 1: 9/9	Map 4: 4/4	Reducer 2: 0/1	Reducer 3: 0/1	
Map 1: 9/9	Map 4: 4/4	Reducer 2: 0/1	Reducer 3: 0/1	
Map 1: 9/9	Map 4: 4/4	Reducer 2: 0/1	Reducer 3: 0/1	
Map 1: 9/9	Map 4: 4/4	Reducer 2: 0/1	Reducer 3: 0/1	
Map 1: 9/9	Map 4: 4/4	Reducer 2: 0/1	Reducer 3: 0/1	
Map 1: 9/9	Map 4: 4/4	Reducer 2: 0/1	Reducer 3: 0/1	
Map 1: 9/9	Map 4: 4/4	Reducer 2: 0/1	Reducer 3: 0/1	
Map 1: 9/9	Map 4: 4/4	Reducer 2: 0/1	Reducer 3: 0/1	
Map 1: 9/9	Map 4: 4/4	Reducer 2: 0/1	Reducer 3: 0/1	
Map 1: 9/9	Map 4: 4/4	Reducer 2: 0/1	Reducer 3: 0/1	
Map 1: 9/9	Map 4: 4/4	Reducer 2: 0/1	Reducer 3: 0/1	
Map 1: 9/9	Map 4: 4/4	Reducer 2: 0/1	Reducer 3: 0/1	
Map 1: 9/9	Map 4: 4/4	Reducer 2: 0/1	Reducer 3: 0/1	
Map 1: 9/9	Map 4: 4/4	Reducer 2: 0/1	Reducer 3: 0/1	
Map 1: 9/9	Map 4: 4/4	Reducer 2: 0/1	Reducer 3: 0/1	
Map 1: 9/9	Map 4: 4/4	Reducer 2: 0/1	Reducer 3: 0/1	
Map 1: 9/9	Map 4: 4/4	Reducer 2: 0/1	Reducer 3: 0/1	
Map 1: 9/9	Map 4: 4/4	Reducer 2: 0/1	Reducer 3: 0/1	
Map 1: 9/9	Map 4: 4/4	Reducer 2: 0/1	Reducer 3: 0/1	
Map 1: 9/9	Map 4: 4/4	Reducer 2: 0/1	Reducer 3: 0/1	
Map 1: 9/9	Map 4: 4/4	Reducer 2: 1/1	Reducer 3: 0/1	
Map 1: 9/9	Map 4: 4/4	Reducer 2: 1/1	Reducer 3: 0/1	
Map 1: 9/9	Map 4: 4/4	Reducer 2: 1/1	Reducer 3: 0/1	
Map 1: 9/9	Map 4: 4/4	Reducer 2: 1/1	Reducer 3: 0/1	
Map 1: 9/9	Map 4: 4/4	Reducer 2: 1/1	Reducer 3: 0/1	
Map 1: 9/9	Map 4: 4/4	Reducer 2: 1/1	Reducer 3: 0/1	
Map 1: 9/9	Map 4: 4/4	Reducer 2: 1/1	Reducer 3: 0/1	
Map 1: 9/9	Map 4: 4/4	Reducer 2: 1/1	Reducer 3: 0/1	
Map 1: 9/9	Map 4: 4/4	Reducer 2: 1/1	Reducer 3: 0/1	
Map 1: 9/9	Map 4: 4/4	Reducer 2: 1/1	Reducer 3: 0/1	
Map 1: 9/9	Map 4: 4/4	Reducer 2: 1/1	Reducer 3: 0/1	
Map 1: 9/9	Map 4: 4/4	Reducer 2: 1/1	Reducer 3: 0/1	
Map 1: 9/9	Map 4: 4/4	Reducer 2: 1/1	Reducer 3: 0/1	
Map 1: 9/9	Map 4: 4/4	Reducer 2: 1/1	Reducer 3: 0/1	
Map 1: 9/9	Map 4: 4/4	Reducer 2: 1/1	Reducer 3: 0/1	
Map 1: 9/9	Map 4: 4/4	Reducer 2: 1/1	Reducer 3: 0/1	
Map 1: 9/9	Map 4: 4/4	Reducer 2: 1/1	Reducer 3: 0/1	
Map 1: 9/9	Map 4: 4/4	Reducer 2: 1/1	Reducer 3: 0/1	
Map 1: 9/9	Map 4: 4/4	Reducer 2: 1/1	Reducer 3: 0/1	
Map 1: 9/9	Map 4: 4/4	Reducer 2: 1/1	Reducer 3: 0/1	
Map 1: 9/9	Map 4: 4/4	Reducer 2: 1/1	Reducer 3: 0/1	
Map 1: 9/9	Map 4: 4/4	Reducer 2: 1/1	Reducer 3: 0/1	
Map 1: 9/9	Map 4: 4/4	Reducer 2: 1/1	Reducer 3: 0/1	
Map 1: 9/9	Map 4: 4/4	Reducer 2: 1/1	Reducer 3: 0/1	
Map 1: 9/9	Map 4: 4/4	Reducer 2: 1/1	Reducer 3: 0/1	
Map 1: 9/9	Map 4: 4/4	Reducer 2: 1/1	Reducer 3: 0/1	
Map 1: 9/9	Map 4: 4/4	Reducer 2: 1/1	Reducer 3: 0/1	
Map 1: 9/9	Map 4: 4/4	Reducer 2: 1/1	Reducer 3: 0/1	
Map 1: 9/9	Map 4: 4/4	Reducer 2: 1/1	Reducer 3: 0/1	
Map 1: 9/9	Map 4: 4/4	Reducer 2: 1/1	Reducer 3: 0/1	
Map 1: 9/9	Map 4: 4/4	Reducer 2: 1/1	Reducer 3: 0/1	
Map 1: 9/9	Map 4: 4/4	Reducer 2: 1/1	Reducer 3: 0/1	
Map 1: 9/9	Map 4: 4/4	Reducer 2: 1/1	Reducer 3: 0/1	
Map 1: 9/9	Map 4: 4/4	Reducer 2: 1/1	Reducer 3: 0/1	
Map 1: 9/9	Map 4: 4/4	Reducer 2: 1/1	Reducer 3: 0/1	
Map 1: 9/9	Map 4: 4/4	Reducer 2: 1/1	Reducer 3: 0/1	
Map 1: 9/9	Map 4: 4/4	Reducer 2: 1/1	Reducer 3: 0/1	
Map 1: 9/9	Map 4: 4/4	Reducer 2: 1/1	Reducer 3: 0/1	
Map 1: 9/9	Map 4: 4/4	Reducer 2: 1/1	Reducer 3: 0/1	
Map 1: 9/9	Map 4: 4/4	Reducer 2: 1/1	Reducer 3: 0/1	
Map 1: 9/9	Map 4: 4/4	Reducer 2: 1/1	Reducer 3: 0/1	
Map 1: 9/9	Map 4: 4/4	Reducer 2: 1/1	Reducer 3: 0/1	
Map 1: 9/9	Map 4: 4/4	Reducer 2: 1/1	Reducer 3: 0/1	
Map 1: 9/9	Map 4: 4/4	Reducer 2: 1/1	Reducer 3: 0/1	
Map 1: 9/9	Map 4: 4/4	Reducer 2: 1/1	Reducer 3: 0/1	
Map 1: 9/9	Map 4: 4/4	Reducer 2: 1/1	Reducer 3: 0/1	
Map 1: 9/9	Map 4: 4/4	Reducer 2: 1/1	Reducer 3: 0/1	
Map 1: 9/9	Map 4: 4/4	Reducer 2: 1/1	Reducer 3: 0/1	
Map 1: 9/9	Map 4: 4/4	Reducer 2: 1/1	Reducer 3: 0/1	
Map 1: 9/9	Map 4: 4/4	Reducer 2: 1/1	Reducer 3: 0/1	
Map 1: 9/9	Map 4: 4/4	Reducer 2: 1/1	Reducer 3: 0/1	
Map 1: 9/9	Map 4: 4/4	Reducer 2: 1/1	Reducer 3: 0/1	
Map 1: 9/9	Map 4: 4/4	Reducer 2: 1/1	Reducer 3: 0/1	
Map 1: 9/9	Map 4: 4/4	Reducer 2: 1/1	Reducer 3: 0/1	
Map 1: 9/9	Map 4: 4/4	Reducer 2: 1/1	Reducer 3: 0/1	
Map 1: 9/9	Map 4: 4/4	Reducer 2: 1/1	Reducer 3: 0/1	
Map 1: 9/9	Map 4: 4/4	Reducer 2: 1/1	Reducer 3: 0/1	
Map 1: 9/9	Map 4: 4/4	Reducer 2: 1/1	Reducer 3: 0/1	
Map 1: 9/9	Map 4: 4/4	Reducer 2: 1/1	Reducer 3: 0/1	
Map 1: 9/9	Map 4: 4/4	Reducer 2: 1/1	Reducer 3: 0/1	
Map 1: 9/9	Map 4: 4/4	Reducer 2: 1/1	Reducer 3: 0/1	
Map 1: 9/9	Map 4: 4/4	Reducer 2: 1/1	Reducer 3: 0/1	
Map 1: 9/9	Map 4: 4/4	Reducer 2: 1/1	Reducer 3: 0/1	
Map 1: 9/9	Map 4: 4/4	Reducer 2: 1/1	Reducer 3: 0/1	
Map 1: 9/9	Map 4: 4/4	Reducer 2: 1/1	Reducer 3: 0/1	
Map 1: 9/9	Map 4: 4/4	Reducer 2: 1/1	Reducer 3: 0/1	
Map 1: 9/9	Map 4: 4/4	Reducer 2: 1/1	Reducer 3: 0/1	
Map 1: 9/9	Map 4: 4/4	Reducer 2: 1/1	Reducer 3: 0/1	
Map 1: 9/9	Map 4: 4/4	Reducer 2: 1/1	Reducer 3: 0/1	
Map 1: 9/9	Map 4: 4/4	Reducer 2: 1/1	Reducer 3: 0/1	
Map 1: 9/9	Map 4: 4/4	Reducer 2: 1/1	Reducer 3: 0/1	
Map 1: 9/9	Map 4: 4/4	Reducer 2: 1/1	Reducer 3: 0/1	
Map 1: 9/9	Map 4: 4/4	Reducer 2: 1/1	Reducer 3: 0/1	
Map 1: 9/9	Map 4: 4/4	Reducer 2: 1/1	Reducer 3: 0/1	
Map 1: 9/9	Map 4: 4/4	Reducer 2: 1/1	Reducer 3: 0/1	
Map 1: 9/9	Map 4: 4/4	Reducer 2: 1/1	Reducer 3: 0/1	
Map 1: 9/9	Map 4: 4/4	Reducer 2: 1/1	Reducer 3: 0/1	
Map 1: 9/9	Map 4: 4/4	Reducer 2: 1/1	Reducer 3: 0/1	
Map 1: 9/9	Map 4: 4/4	Reducer 2: 1/1	Reducer 3: 1/1	
Status: Finished successfully
Loading data to table eric_cluster_metrics_dev_4.container_time_series_vhacked_with_unagg partition (system=null, date=null)
Failed with exception Index: 20, Size: 20
FAILED: Execution Error, return code 1 from org.apache.hadoop.hive.ql.exec.MoveTask

===================================================================
USE eric_cluster_metrics_dev_4;

drop table if exists container_time_series_alloc_and_run_extend;

create table
    container_time_series_alloc_and_run_extend (
		container_wait_time         bigint,
		memory                      double,
		cluster_memory              bigint,
		minute_start                int,
		job_id                      string,
		queue                       string,
		container_id                string,
		state                       string,
		measure_date                string,
		account                     int,
		cluster_uuid                string,
		principal_uuid              string,
		user_key                    string,
		vcores                      double,
		number_apps                 bigint,
		host                        string,
		container_start_time        bigint,
        container_run_time          bigint,
		container_minute_start_time bigint,
		container_wait_time_unagg   bigint
	)
partitioned by (
	system string,
	date string
	)
stored as
	orc;

SET hive.exec.dynamic.partition = true;
SET hive.exec.dynamic.partition.mode = nonstrict;

insert overwrite table container_time_series_alloc_and_run_extend
partition(system,date)
SELECT
	cts.container_wait_time,
	cts.memory,
	cts.cluster_memory,
	cts.minute_start,
	cts.job_id,
	cts.queue,
	cts.container_id,
	cts.state,
	cts.measure_date,
	cts.account,
	cts.cluster_uuid,
	cts.principal_uuid,
	cts.user_key,
	cts.memory/cf.memory*cts.vcores as vcores,
	cts.number_apps,
	cts.host,
	cf.requestedtime as container_start_time,
    cf.allocatedtime as container_run_time,
	floor(cf.requestedtime/60000)*60 as container_minute_start_time,
	if(floor(cf.requestedtime/60000)*60=cts.minute_start,
		cts.container_wait_time,
		cts.container_wait_time
		+floor(cf.requestedtime/1000)
		-cts.minute_start
	) AS container_wait_time_unagg,
	cts.system,
	cts.date
FROM
	container_time_series as cts,
	container_fact as cf
WHERE
	cts.container_id = cf.containerid and
	cts.system 		 = cf.system


-------------------------------------------------------------------
Starting query at: Sat Sep  5 01:14:21 UTC 2015
-------------------------------------------------------------------


Logging initialized using configuration in file:/etc/hive-0.13.1/hive-log4j.properties
Hive history file=/home/hive/log/tnystrand/hive_job_log_5f2c94aa-7aa9-4aa5-bf84-fe05731507d7_330738246.txt
OK
Time taken: 0.638 seconds
OK
Time taken: 0.5 seconds
OK
Time taken: 0.493 seconds
Total jobs = 1
Launching Job 1 out of 1

===================================================================
USE eric_cluster_metrics_dev_4;

drop table if exists container_time_series_alloc_and_run_extend;

create table
    container_time_series_alloc_and_run_extend (
		container_wait_time         bigint,
		memory                      double,
		cluster_memory              bigint,
		minute_start                int,
		job_id                      string,
		queue                       string,
		container_id                string,
		state                       string,
		measure_date                string,
		account                     int,
		cluster_uuid                string,
		principal_uuid              string,
		user_key                    string,
		vcores                      double,
		number_apps                 bigint,
		host                        string,
		container_start_time        bigint,
        container_run_time          bigint,
		container_minute_start_time bigint,
		container_wait_time_unagg   bigint
	)
partitioned by (
	system string,
	date string
	)
stored as
	orc;

SET hive.exec.dynamic.partition = true;
SET hive.exec.dynamic.partition.mode = nonstrict;

insert overwrite table container_time_series_alloc_and_run_extend
partition(system,date)
SELECT
	cts.container_wait_time,
	cts.memory,
	cts.cluster_memory,
	cts.minute_start,
	cts.job_id,
	cts.queue,
	cts.container_id,
	cts.state,
	cts.measure_date,
	cts.account,
	cts.cluster_uuid,
	cts.principal_uuid,
	cts.user_key,
	cts.memory/cf.memory*cts.vcores as vcores,
	cts.number_apps,
	cts.host,
	cf.requestedtime as container_start_time,
    cf.allocatedtime as container_run_time,
	floor(cf.requestedtime/60000)*60 as container_minute_start_time,
	if(floor(cf.requestedtime/60000)*60=cts.minute_start,
		cts.container_wait_time,
		cts.container_wait_time
		+floor(cf.requestedtime/1000)
		-cts.minute_start
	) AS container_wait_time_unagg,
	cts.system,
	cts.date
FROM
	container_time_series as cts,
	container_fact as cf
WHERE
	cts.container_id = cf.containerid and
	cts.system 		 = cf.system


-------------------------------------------------------------------
Starting query at: Sat Sep  5 01:15:43 UTC 2015
-------------------------------------------------------------------


Logging initialized using configuration in file:/etc/hive-0.13.1/hive-log4j.properties
Hive history file=/home/hive/log/tnystrand/hive_job_log_99f048ed-1284-4249-b5c9-a7897e267bd8_655473007.txt
OK
Time taken: 0.566 seconds
OK
Time taken: 0.599 seconds
OK
Time taken: 0.253 seconds
Total jobs = 1
Launching Job 1 out of 1


Status: Running (application id: application_1441039534664_33851)

Map 1: -/-	Map 4: -/-	Reducer 2: 0/1	Reducer 3: 0/1	
Map 1: 0/9	Map 4: 0/4	Reducer 2: 0/1	Reducer 3: 0/1	
Map 1: 0/9	Map 4: 0/4	Reducer 2: 0/1	Reducer 3: 0/1	
Map 1: 0/9	Map 4: 0/4	Reducer 2: 0/1	Reducer 3: 0/1	
Map 1: 1/9	Map 4: 0/4	Reducer 2: 0/1	Reducer 3: 0/1	
Map 1: 2/9	Map 4: 0/4	Reducer 2: 0/1	Reducer 3: 0/1	
Map 1: 2/9	Map 4: 0/4	Reducer 2: 0/1	Reducer 3: 0/1	
Map 1: 2/9	Map 4: 1/4	Reducer 2: 0/1	Reducer 3: 0/1	
Map 1: 2/9	Map 4: 2/4	Reducer 2: 0/1	Reducer 3: 0/1	
Map 1: 2/9	Map 4: 3/4	Reducer 2: 0/1	Reducer 3: 0/1	
Map 1: 2/9	Map 4: 4/4	Reducer 2: 0/1	Reducer 3: 0/1	
Map 1: 3/9	Map 4: 4/4	Reducer 2: 0/1	Reducer 3: 0/1	
Map 1: 3/9	Map 4: 4/4	Reducer 2: 0/1	Reducer 3: 0/1	
Map 1: 3/9	Map 4: 4/4	Reducer 2: 0/1	Reducer 3: 0/1	
Map 1: 3/9	Map 4: 4/4	Reducer 2: 0/1	Reducer 3: 0/1	
Map 1: 3/9	Map 4: 4/4	Reducer 2: 0/1	Reducer 3: 0/1	
Map 1: 3/9	Map 4: 4/4	Reducer 2: 0/1	Reducer 3: 0/1	
Map 1: 4/9	Map 4: 4/4	Reducer 2: 0/1	Reducer 3: 0/1	
Map 1: 4/9	Map 4: 4/4	Reducer 2: 0/1	Reducer 3: 0/1	
Map 1: 5/9	Map 4: 4/4	Reducer 2: 0/1	Reducer 3: 0/1	
Map 1: 5/9	Map 4: 4/4	Reducer 2: 0/1	Reducer 3: 0/1	
Map 1: 5/9	Map 4: 4/4	Reducer 2: 0/1	Reducer 3: 0/1	
Map 1: 5/9	Map 4: 4/4	Reducer 2: 0/1	Reducer 3: 0/1	
Map 1: 5/9	Map 4: 4/4	Reducer 2: 0/1	Reducer 3: 0/1	
Map 1: 5/9	Map 4: 4/4	Reducer 2: 0/1	Reducer 3: 0/1	
Map 1: 6/9	Map 4: 4/4	Reducer 2: 0/1	Reducer 3: 0/1	
Map 1: 6/9	Map 4: 4/4	Reducer 2: 0/1	Reducer 3: 0/1	
Map 1: 6/9	Map 4: 4/4	Reducer 2: 0/1	Reducer 3: 0/1	
Map 1: 6/9	Map 4: 4/4	Reducer 2: 0/1	Reducer 3: 0/1	
Map 1: 6/9	Map 4: 4/4	Reducer 2: 0/1	Reducer 3: 0/1	
Map 1: 6/9	Map 4: 4/4	Reducer 2: 0/1	Reducer 3: 0/1	
Map 1: 6/9	Map 4: 4/4	Reducer 2: 0/1	Reducer 3: 0/1	
Map 1: 6/9	Map 4: 4/4	Reducer 2: 0/1	Reducer 3: 0/1	
Map 1: 7/9	Map 4: 4/4	Reducer 2: 0/1	Reducer 3: 0/1	
Map 1: 7/9	Map 4: 4/4	Reducer 2: 0/1	Reducer 3: 0/1	
Map 1: 7/9	Map 4: 4/4	Reducer 2: 0/1	Reducer 3: 0/1	
Map 1: 7/9	Map 4: 4/4	Reducer 2: 0/1	Reducer 3: 0/1	
Map 1: 8/9	Map 4: 4/4	Reducer 2: 0/1	Reducer 3: 0/1	
Map 1: 8/9	Map 4: 4/4	Reducer 2: 0/1	Reducer 3: 0/1	
Map 1: 9/9	Map 4: 4/4	Reducer 2: 0/1	Reducer 3: 0/1	
Map 1: 9/9	Map 4: 4/4	Reducer 2: 0/1	Reducer 3: 0/1	
Map 1: 9/9	Map 4: 4/4	Reducer 2: 0/1	Reducer 3: 0/1	
Map 1: 9/9	Map 4: 4/4	Reducer 2: 0/1	Reducer 3: 0/1	
Map 1: 9/9	Map 4: 4/4	Reducer 2: 0/1	Reducer 3: 0/1	
Map 1: 9/9	Map 4: 4/4	Reducer 2: 0/1	Reducer 3: 0/1	
Map 1: 9/9	Map 4: 4/4	Reducer 2: 0/1	Reducer 3: 0/1	
Map 1: 9/9	Map 4: 4/4	Reducer 2: 0/1	Reducer 3: 0/1	
Map 1: 9/9	Map 4: 4/4	Reducer 2: 0/1	Reducer 3: 0/1	
Map 1: 9/9	Map 4: 4/4	Reducer 2: 0/1	Reducer 3: 0/1	
Map 1: 9/9	Map 4: 4/4	Reducer 2: 0/1	Reducer 3: 0/1	
Map 1: 9/9	Map 4: 4/4	Reducer 2: 0/1	Reducer 3: 0/1	
Map 1: 9/9	Map 4: 4/4	Reducer 2: 0/1	Reducer 3: 0/1	
Map 1: 9/9	Map 4: 4/4	Reducer 2: 0/1	Reducer 3: 0/1	
Map 1: 9/9	Map 4: 4/4	Reducer 2: 0/1	Reducer 3: 0/1	
Map 1: 9/9	Map 4: 4/4	Reducer 2: 0/1	Reducer 3: 0/1	
Map 1: 9/9	Map 4: 4/4	Reducer 2: 0/1	Reducer 3: 0/1	
Map 1: 9/9	Map 4: 4/4	Reducer 2: 0/1	Reducer 3: 0/1	
Map 1: 9/9	Map 4: 4/4	Reducer 2: 0/1	Reducer 3: 0/1	
Map 1: 9/9	Map 4: 4/4	Reducer 2: 0/1	Reducer 3: 0/1	
Map 1: 9/9	Map 4: 4/4	Reducer 2: 0/1	Reducer 3: 0/1	
Map 1: 9/9	Map 4: 4/4	Reducer 2: 0/1	Reducer 3: 0/1	
Map 1: 9/9	Map 4: 4/4	Reducer 2: 0/1	Reducer 3: 0/1	
Map 1: 9/9	Map 4: 4/4	Reducer 2: 0/1	Reducer 3: 0/1	
Map 1: 9/9	Map 4: 4/4	Reducer 2: 0/1	Reducer 3: 0/1	
Map 1: 9/9	Map 4: 4/4	Reducer 2: 0/1	Reducer 3: 0/1	
Map 1: 9/9	Map 4: 4/4	Reducer 2: 0/1	Reducer 3: 0/1	
Map 1: 9/9	Map 4: 4/4	Reducer 2: 0/1	Reducer 3: 0/1	
Map 1: 9/9	Map 4: 4/4	Reducer 2: 0/1	Reducer 3: 0/1	
Map 1: 9/9	Map 4: 4/4	Reducer 2: 0/1	Reducer 3: 0/1	
Map 1: 9/9	Map 4: 4/4	Reducer 2: 0/1	Reducer 3: 0/1	
Map 1: 9/9	Map 4: 4/4	Reducer 2: 0/1	Reducer 3: 0/1	
Map 1: 9/9	Map 4: 4/4	Reducer 2: 0/1	Reducer 3: 0/1	
Map 1: 9/9	Map 4: 4/4	Reducer 2: 0/1	Reducer 3: 0/1	
Map 1: 9/9	Map 4: 4/4	Reducer 2: 0/1	Reducer 3: 0/1	
Map 1: 9/9	Map 4: 4/4	Reducer 2: 0/1	Reducer 3: 0/1	
Map 1: 9/9	Map 4: 4/4	Reducer 2: 0/1	Reducer 3: 0/1	
Map 1: 9/9	Map 4: 4/4	Reducer 2: 0/1	Reducer 3: 0/1	
Map 1: 9/9	Map 4: 4/4	Reducer 2: 0/1	Reducer 3: 0/1	
Map 1: 9/9	Map 4: 4/4	Reducer 2: 0/1	Reducer 3: 0/1	
Map 1: 9/9	Map 4: 4/4	Reducer 2: 0/1	Reducer 3: 0/1	
Map 1: 9/9	Map 4: 4/4	Reducer 2: 0/1	Reducer 3: 0/1	
Map 1: 9/9	Map 4: 4/4	Reducer 2: 0/1	Reducer 3: 0/1	
Map 1: 9/9	Map 4: 4/4	Reducer 2: 0/1	Reducer 3: 0/1	
Map 1: 9/9	Map 4: 4/4	Reducer 2: 0/1	Reducer 3: 0/1	
Map 1: 9/9	Map 4: 4/4	Reducer 2: 0/1	Reducer 3: 0/1	
Map 1: 9/9	Map 4: 4/4	Reducer 2: 0/1	Reducer 3: 0/1	
Map 1: 9/9	Map 4: 4/4	Reducer 2: 0/1	Reducer 3: 0/1	
Map 1: 9/9	Map 4: 4/4	Reducer 2: 0/1	Reducer 3: 0/1	
Map 1: 9/9	Map 4: 4/4	Reducer 2: 0/1	Reducer 3: 0/1	
Map 1: 9/9	Map 4: 4/4	Reducer 2: 0/1	Reducer 3: 0/1	
Map 1: 9/9	Map 4: 4/4	Reducer 2: 0/1	Reducer 3: 0/1	
Map 1: 9/9	Map 4: 4/4	Reducer 2: 0/1	Reducer 3: 0/1	
Map 1: 9/9	Map 4: 4/4	Reducer 2: 0/1	Reducer 3: 0/1	
Map 1: 9/9	Map 4: 4/4	Reducer 2: 0/1	Reducer 3: 0/1	
Map 1: 9/9	Map 4: 4/4	Reducer 2: 0/1	Reducer 3: 0/1	
Map 1: 9/9	Map 4: 4/4	Reducer 2: 0/1	Reducer 3: 0/1	
Map 1: 9/9	Map 4: 4/4	Reducer 2: 0/1	Reducer 3: 0/1	
Map 1: 9/9	Map 4: 4/4	Reducer 2: 0/1	Reducer 3: 0/1	
Map 1: 9/9	Map 4: 4/4	Reducer 2: 0/1	Reducer 3: 0/1	
Map 1: 9/9	Map 4: 4/4	Reducer 2: 0/1	Reducer 3: 0/1	
Map 1: 9/9	Map 4: 4/4	Reducer 2: 0/1	Reducer 3: 0/1	
Map 1: 9/9	Map 4: 4/4	Reducer 2: 0/1	Reducer 3: 0/1	
Map 1: 9/9	Map 4: 4/4	Reducer 2: 0/1	Reducer 3: 0/1	
Map 1: 9/9	Map 4: 4/4	Reducer 2: 0/1	Reducer 3: 0/1	
Map 1: 9/9	Map 4: 4/4	Reducer 2: 0/1	Reducer 3: 0/1	
Map 1: 9/9	Map 4: 4/4	Reducer 2: 0/1	Reducer 3: 0/1	
Map 1: 9/9	Map 4: 4/4	Reducer 2: 0/1	Reducer 3: 0/1	
Map 1: 9/9	Map 4: 4/4	Reducer 2: 0/1	Reducer 3: 0/1	
Map 1: 9/9	Map 4: 4/4	Reducer 2: 0/1	Reducer 3: 0/1	
Map 1: 9/9	Map 4: 4/4	Reducer 2: 0/1	Reducer 3: 0/1	
Map 1: 9/9	Map 4: 4/4	Reducer 2: 0/1	Reducer 3: 0/1	
Map 1: 9/9	Map 4: 4/4	Reducer 2: 0/1	Reducer 3: 0/1	
Map 1: 9/9	Map 4: 4/4	Reducer 2: 0/1	Reducer 3: 0/1	
Map 1: 9/9	Map 4: 4/4	Reducer 2: 0/1	Reducer 3: 0/1	
Map 1: 9/9	Map 4: 4/4	Reducer 2: 0/1	Reducer 3: 0/1	
Map 1: 9/9	Map 4: 4/4	Reducer 2: 0/1	Reducer 3: 0/1	
Map 1: 9/9	Map 4: 4/4	Reducer 2: 0/1	Reducer 3: 0/1	
Map 1: 9/9	Map 4: 4/4	Reducer 2: 0/1	Reducer 3: 0/1	
Map 1: 9/9	Map 4: 4/4	Reducer 2: 0/1	Reducer 3: 0/1	
Map 1: 9/9	Map 4: 4/4	Reducer 2: 0/1	Reducer 3: 0/1	
Map 1: 9/9	Map 4: 4/4	Reducer 2: 0/1	Reducer 3: 0/1	
Map 1: 9/9	Map 4: 4/4	Reducer 2: 0/1	Reducer 3: 0/1	
Map 1: 9/9	Map 4: 4/4	Reducer 2: 0/1	Reducer 3: 0/1	
Map 1: 9/9	Map 4: 4/4	Reducer 2: 0/1	Reducer 3: 0/1	
Map 1: 9/9	Map 4: 4/4	Reducer 2: 0/1	Reducer 3: 0/1	
Map 1: 9/9	Map 4: 4/4	Reducer 2: 1/1	Reducer 3: 0/1	
Map 1: 9/9	Map 4: 4/4	Reducer 2: 1/1	Reducer 3: 0/1	
Map 1: 9/9	Map 4: 4/4	Reducer 2: 1/1	Reducer 3: 0/1	
Map 1: 9/9	Map 4: 4/4	Reducer 2: 1/1	Reducer 3: 0/1	
Map 1: 9/9	Map 4: 4/4	Reducer 2: 1/1	Reducer 3: 0/1	
Map 1: 9/9	Map 4: 4/4	Reducer 2: 1/1	Reducer 3: 0/1	
Map 1: 9/9	Map 4: 4/4	Reducer 2: 1/1	Reducer 3: 0/1	
Map 1: 9/9	Map 4: 4/4	Reducer 2: 1/1	Reducer 3: 0/1	
Map 1: 9/9	Map 4: 4/4	Reducer 2: 1/1	Reducer 3: 0/1	
Map 1: 9/9	Map 4: 4/4	Reducer 2: 1/1	Reducer 3: 0/1	
Map 1: 9/9	Map 4: 4/4	Reducer 2: 1/1	Reducer 3: 0/1	
Map 1: 9/9	Map 4: 4/4	Reducer 2: 1/1	Reducer 3: 0/1	
Map 1: 9/9	Map 4: 4/4	Reducer 2: 1/1	Reducer 3: 0/1	
Map 1: 9/9	Map 4: 4/4	Reducer 2: 1/1	Reducer 3: 0/1	
Map 1: 9/9	Map 4: 4/4	Reducer 2: 1/1	Reducer 3: 0/1	
Map 1: 9/9	Map 4: 4/4	Reducer 2: 1/1	Reducer 3: 0/1	
Map 1: 9/9	Map 4: 4/4	Reducer 2: 1/1	Reducer 3: 0/1	
Map 1: 9/9	Map 4: 4/4	Reducer 2: 1/1	Reducer 3: 0/1	
Map 1: 9/9	Map 4: 4/4	Reducer 2: 1/1	Reducer 3: 0/1	
Map 1: 9/9	Map 4: 4/4	Reducer 2: 1/1	Reducer 3: 0/1	
Map 1: 9/9	Map 4: 4/4	Reducer 2: 1/1	Reducer 3: 0/1	
Map 1: 9/9	Map 4: 4/4	Reducer 2: 1/1	Reducer 3: 0/1	
Map 1: 9/9	Map 4: 4/4	Reducer 2: 1/1	Reducer 3: 0/1	
Map 1: 9/9	Map 4: 4/4	Reducer 2: 1/1	Reducer 3: 0/1	
Map 1: 9/9	Map 4: 4/4	Reducer 2: 1/1	Reducer 3: 0/1	
Map 1: 9/9	Map 4: 4/4	Reducer 2: 1/1	Reducer 3: 0/1	
Map 1: 9/9	Map 4: 4/4	Reducer 2: 1/1	Reducer 3: 0/1	
Map 1: 9/9	Map 4: 4/4	Reducer 2: 1/1	Reducer 3: 0/1	
Map 1: 9/9	Map 4: 4/4	Reducer 2: 1/1	Reducer 3: 0/1	
Map 1: 9/9	Map 4: 4/4	Reducer 2: 1/1	Reducer 3: 0/1	
Map 1: 9/9	Map 4: 4/4	Reducer 2: 1/1	Reducer 3: 0/1	
Map 1: 9/9	Map 4: 4/4	Reducer 2: 1/1	Reducer 3: 0/1	
Map 1: 9/9	Map 4: 4/4	Reducer 2: 1/1	Reducer 3: 0/1	
Map 1: 9/9	Map 4: 4/4	Reducer 2: 1/1	Reducer 3: 0/1	
Map 1: 9/9	Map 4: 4/4	Reducer 2: 1/1	Reducer 3: 0/1	
Map 1: 9/9	Map 4: 4/4	Reducer 2: 1/1	Reducer 3: 0/1	
Map 1: 9/9	Map 4: 4/4	Reducer 2: 1/1	Reducer 3: 0/1	
Map 1: 9/9	Map 4: 4/4	Reducer 2: 1/1	Reducer 3: 0/1	
Map 1: 9/9	Map 4: 4/4	Reducer 2: 1/1	Reducer 3: 0/1	
Map 1: 9/9	Map 4: 4/4	Reducer 2: 1/1	Reducer 3: 0/1	
Map 1: 9/9	Map 4: 4/4	Reducer 2: 1/1	Reducer 3: 0/1	
Map 1: 9/9	Map 4: 4/4	Reducer 2: 1/1	Reducer 3: 0/1	
Map 1: 9/9	Map 4: 4/4	Reducer 2: 1/1	Reducer 3: 0/1	
Map 1: 9/9	Map 4: 4/4	Reducer 2: 1/1	Reducer 3: 0/1	
Map 1: 9/9	Map 4: 4/4	Reducer 2: 1/1	Reducer 3: 0/1	
Map 1: 9/9	Map 4: 4/4	Reducer 2: 1/1	Reducer 3: 0/1	
Map 1: 9/9	Map 4: 4/4	Reducer 2: 1/1	Reducer 3: 0/1	
Map 1: 9/9	Map 4: 4/4	Reducer 2: 1/1	Reducer 3: 0/1	
Map 1: 9/9	Map 4: 4/4	Reducer 2: 1/1	Reducer 3: 0/1	
Map 1: 9/9	Map 4: 4/4	Reducer 2: 1/1	Reducer 3: 0/1	
Map 1: 9/9	Map 4: 4/4	Reducer 2: 1/1	Reducer 3: 0/1	
Map 1: 9/9	Map 4: 4/4	Reducer 2: 1/1	Reducer 3: 0/1	
Map 1: 9/9	Map 4: 4/4	Reducer 2: 1/1	Reducer 3: 0/1	
Map 1: 9/9	Map 4: 4/4	Reducer 2: 1/1	Reducer 3: 0/1	
Map 1: 9/9	Map 4: 4/4	Reducer 2: 1/1	Reducer 3: 0/1	
Map 1: 9/9	Map 4: 4/4	Reducer 2: 1/1	Reducer 3: 0/1	
Map 1: 9/9	Map 4: 4/4	Reducer 2: 1/1	Reducer 3: 0/1	
Map 1: 9/9	Map 4: 4/4	Reducer 2: 1/1	Reducer 3: 0/1	
Map 1: 9/9	Map 4: 4/4	Reducer 2: 1/1	Reducer 3: 0/1	
Map 1: 9/9	Map 4: 4/4	Reducer 2: 1/1	Reducer 3: 0/1	
Map 1: 9/9	Map 4: 4/4	Reducer 2: 1/1	Reducer 3: 0/1	
Map 1: 9/9	Map 4: 4/4	Reducer 2: 1/1	Reducer 3: 0/1	
Map 1: 9/9	Map 4: 4/4	Reducer 2: 1/1	Reducer 3: 0/1	
Map 1: 9/9	Map 4: 4/4	Reducer 2: 1/1	Reducer 3: 0/1	
Map 1: 9/9	Map 4: 4/4	Reducer 2: 1/1	Reducer 3: 0/1	
Map 1: 9/9	Map 4: 4/4	Reducer 2: 1/1	Reducer 3: 0/1	
Map 1: 9/9	Map 4: 4/4	Reducer 2: 1/1	Reducer 3: 0/1	
Map 1: 9/9	Map 4: 4/4	Reducer 2: 1/1	Reducer 3: 0/1	
Map 1: 9/9	Map 4: 4/4	Reducer 2: 1/1	Reducer 3: 0/1	
Map 1: 9/9	Map 4: 4/4	Reducer 2: 1/1	Reducer 3: 0/1	
Map 1: 9/9	Map 4: 4/4	Reducer 2: 1/1	Reducer 3: 0/1	
Map 1: 9/9	Map 4: 4/4	Reducer 2: 1/1	Reducer 3: 0/1	
Map 1: 9/9	Map 4: 4/4	Reducer 2: 1/1	Reducer 3: 0/1	
Map 1: 9/9	Map 4: 4/4	Reducer 2: 1/1	Reducer 3: 0/1	
Map 1: 9/9	Map 4: 4/4	Reducer 2: 1/1	Reducer 3: 0/1	
Map 1: 9/9	Map 4: 4/4	Reducer 2: 1/1	Reducer 3: 0/1	
Map 1: 9/9	Map 4: 4/4	Reducer 2: 1/1	Reducer 3: 0/1	
Map 1: 9/9	Map 4: 4/4	Reducer 2: 1/1	Reducer 3: 0/1	
Map 1: 9/9	Map 4: 4/4	Reducer 2: 1/1	Reducer 3: 0/1	
Map 1: 9/9	Map 4: 4/4	Reducer 2: 1/1	Reducer 3: 0/1	
Map 1: 9/9	Map 4: 4/4	Reducer 2: 1/1	Reducer 3: 0/1	
Map 1: 9/9	Map 4: 4/4	Reducer 2: 1/1	Reducer 3: 0/1	
Map 1: 9/9	Map 4: 4/4	Reducer 2: 1/1	Reducer 3: 0/1	
Map 1: 9/9	Map 4: 4/4	Reducer 2: 1/1	Reducer 3: 1/1	
Status: Finished successfully
Loading data to table eric_cluster_metrics_dev_4.container_time_series_alloc_and_run_extend partition (system=null, date=null)
	Loading partition {system=marketshare, date=2015-07-12}
	Loading partition {system=marketshare, date=2015-07-13}
	Loading partition {system=marketshare, date=2015-07-14}
	Loading partition {system=visiblemeasures, date=2015-07-11}
	Loading partition {system=iheartradio, date=2015-07-09}
	Loading partition {system=visiblemeasures, date=2015-07-12}
	Loading partition {system=iheartradio, date=2015-07-10}
	Loading partition {system=visiblemeasures, date=2015-07-13}
	Loading partition {system=dogfood, date=2015-07-09}
	Loading partition {system=visiblemeasures, date=2015-07-08}
	Loading partition {system=dogfood, date=2015-07-11}
	Loading partition {system=visiblemeasures, date=2015-07-09}
	Loading partition {system=dogfood, date=2015-07-10}
	Loading partition {system=iheartradio, date=2015-07-13}
	Loading partition {system=dogfood, date=2015-07-12}
	Loading partition {system=marketshare, date=2015-07-10}
	Loading partition {system=visiblemeasures, date=2015-07-10}
	Loading partition {system=dogfood, date=2015-07-08}
	Loading partition {system=iheartradio, date=2015-07-14}
	Loading partition {system=visiblemeasures, date=2015-07-14}
	Loading partition {system=marketshare, date=2015-07-09}
	Loading partition {system=iheartradio, date=2015-07-08}
	Loading partition {system=marketshare, date=2015-07-08}
	Loading partition {system=iheartradio, date=2015-07-11}
	Loading partition {system=dogfood, date=2015-07-14}
	Loading partition {system=iheartradio, date=2015-07-12}
	Loading partition {system=marketshare, date=2015-07-11}
	Loading partition {system=dogfood, date=2015-07-13}
OK
Time taken: 644.456 seconds

