###################################################################
LOG DUMP FOR: rar_spj_combined.sql
###################################################################
===================================================================

===================================================================
use thomas_test;

drop table if exists rar_spj_combined;

create table as rar_spj_comined
as select
    *
from
    request_assing_release as rar,
    state_perminute_job as spj
where
   rar.minute_start=spj.minute_start and
   rar.jobid = spj.job_id and
   rar.system = spj.system


-------------------------------------------------------------------
Starting query at: Tue Sep 15 16:15:23 UTC 2015
-------------------------------------------------------------------


Logging initialized using configuration in file:/etc/hive-0.13.1/hive-log4j.properties
Hive history file=/home/hive/log/tnystrand/hive_job_log_0f2b2a48-c730-4917-b511-d49e90421cab_1505806527.txt
OK
Time taken: 0.572 seconds
OK
Time taken: 0.168 seconds
NoViableAltException(26@[])
	at org.apache.hadoop.hive.ql.parse.HiveParser.createTableStatement(HiveParser.java:4445)
	at org.apache.hadoop.hive.ql.parse.HiveParser.ddlStatement(HiveParser.java:2145)
	at org.apache.hadoop.hive.ql.parse.HiveParser.execStatement(HiveParser.java:1399)
	at org.apache.hadoop.hive.ql.parse.HiveParser.statement(HiveParser.java:1037)
	at org.apache.hadoop.hive.ql.parse.ParseDriver.parse(ParseDriver.java:199)
	at org.apache.hadoop.hive.ql.parse.ParseDriver.parse(ParseDriver.java:166)
	at org.apache.hadoop.hive.ql.Driver.compile(Driver.java:404)
	at org.apache.hadoop.hive.ql.Driver.compile(Driver.java:322)
	at org.apache.hadoop.hive.ql.Driver.compileInternal(Driver.java:975)
	at org.apache.hadoop.hive.ql.Driver.runInternal(Driver.java:1040)
	at org.apache.hadoop.hive.ql.Driver.run(Driver.java:911)
	at org.apache.hadoop.hive.ql.Driver.run(Driver.java:901)
	at org.apache.hadoop.hive.cli.CliDriver.processLocalCmd(CliDriver.java:268)
	at org.apache.hadoop.hive.cli.CliDriver.processCmd(CliDriver.java:220)
	at org.apache.hadoop.hive.cli.CliDriver.processLine(CliDriver.java:423)
	at org.apache.hadoop.hive.cli.CliDriver.processLine(CliDriver.java:359)
	at org.apache.hadoop.hive.cli.CliDriver.processReader(CliDriver.java:456)
	at org.apache.hadoop.hive.cli.CliDriver.processFile(CliDriver.java:466)
	at org.apache.hadoop.hive.cli.CliDriver.executeDriver(CliDriver.java:748)
	at org.apache.hadoop.hive.cli.CliDriver.run(CliDriver.java:686)
	at org.apache.hadoop.hive.cli.CliDriver.main(CliDriver.java:625)
	at sun.reflect.NativeMethodAccessorImpl.invoke0(Native Method)
	at sun.reflect.NativeMethodAccessorImpl.invoke(NativeMethodAccessorImpl.java:57)
	at sun.reflect.DelegatingMethodAccessorImpl.invoke(DelegatingMethodAccessorImpl.java:43)
	at java.lang.reflect.Method.invoke(Method.java:606)
	at org.apache.hadoop.util.RunJar.main(RunJar.java:212)
FAILED: ParseException line 3:16 cannot recognize input near 'rar_spj_comined' 'as' 'select' in create table statement

===================================================================
use thomas_test;

drop table if exists rar_spj_combined;

create table rar_spj_comined
as select
    *
from
    request_assing_release as rar,
    state_perminute_job as spj
where
   rar.minute_start=spj.minute_start and
   rar.jobid = spj.job_id and
   rar.system = spj.system


-------------------------------------------------------------------
Starting query at: Tue Sep 15 16:15:43 UTC 2015
-------------------------------------------------------------------


Logging initialized using configuration in file:/etc/hive-0.13.1/hive-log4j.properties
Hive history file=/home/hive/log/tnystrand/hive_job_log_478f2acb-b799-4913-a3c6-d3658bdda0da_344207873.txt
OK
Time taken: 0.617 seconds
OK
Time taken: 0.142 seconds
FAILED: SemanticException [Error 10001]: Line 7:4 Table not found 'request_assing_release'

===================================================================
use thomas_test;

drop table if exists rar_spj_combined;

create table rar_spj_comined
as select
    *
from
    request_assign_release as rar,
    state_perminute_job as spj
where
   rar.minute_start=spj.minute_start and
   rar.jobid = spj.job_id and
   rar.system = spj.system


-------------------------------------------------------------------
Starting query at: Tue Sep 15 16:16:01 UTC 2015
-------------------------------------------------------------------


Logging initialized using configuration in file:/etc/hive-0.13.1/hive-log4j.properties
Hive history file=/home/hive/log/tnystrand/hive_job_log_5d911555-15ea-49fd-89a5-13594ecffbc0_1211247547.txt
OK
Time taken: 0.565 seconds
OK
Time taken: 0.164 seconds
FAILED: SemanticException [Error 10036]: Duplicate column name: minute_start

===================================================================
use thomas_test;

drop table if exists rar_spj_combined;

create table rar_spj_comined
as select
    rar.*,
    spj.*
from
    request_assign_release as rar,
    state_perminute_job as spj
where
   rar.minute_start=spj.minute_start and
   rar.jobid = spj.job_id and
   rar.system = spj.system


-------------------------------------------------------------------
Starting query at: Tue Sep 15 16:16:29 UTC 2015
-------------------------------------------------------------------


Logging initialized using configuration in file:/etc/hive-0.13.1/hive-log4j.properties
Hive history file=/home/hive/log/tnystrand/hive_job_log_27782194-9928-4ae9-bb4d-d862420b68da_960387882.txt
OK
Time taken: 0.568 seconds
OK
Time taken: 0.165 seconds
FAILED: SemanticException [Error 10036]: Duplicate column name: minute_start

===================================================================
use thomas_test;

drop table if exists rar_spj_combined;

create table rar_spj_comined
as select
    rar.minute_start,
    rar.timestamp, 
    rar.jobid,
    rar.memory,
    rar.action,
    rar.system,
    rar.date,
    spj.*
from
    request_assign_release as rar,
    state_perminute_job as spj
where
   rar.minute_start=spj.minute_start and
   rar.jobid = spj.job_id and
   rar.system = spj.system


-------------------------------------------------------------------
Starting query at: Tue Sep 15 16:20:36 UTC 2015
-------------------------------------------------------------------


Logging initialized using configuration in file:/etc/hive-0.13.1/hive-log4j.properties
Hive history file=/home/hive/log/tnystrand/hive_job_log_b255927d-c962-451f-bf57-4e12355cd027_689538219.txt
OK
Time taken: 0.572 seconds
OK
Time taken: 0.161 seconds
FAILED: SemanticException [Error 10036]: Duplicate column name: minute_start

===================================================================
use thomas_test;

drop table if exists rar_spj_combined;

create table rar_spj_comined
as select
    rar.minute_start as rar_minute_start,
    rar.timestamp, 
    rar.jobid,
    rar.memory,
    rar.action,
    rar.system as rar_system,
    rar.date as rar_date,
    spj.*
from
    request_assign_release as rar
full outer join
    state_perminute_job as spj
on (
   rar.minute_start=spj.minute_start and
   rar.jobid = spj.job_id and
   rar.system = spj.system
)

-------------------------------------------------------------------
Starting query at: Tue Sep 15 16:21:36 UTC 2015
-------------------------------------------------------------------


Logging initialized using configuration in file:/etc/hive-0.13.1/hive-log4j.properties
Hive history file=/home/hive/log/tnystrand/hive_job_log_65545b48-1f13-461c-b565-316e47dd9820_1872906144.txt
OK
Time taken: 0.611 seconds
OK
Time taken: 0.144 seconds
Total jobs = 1
Launching Job 1 out of 1


Status: Running (application id: application_1442298768312_1815)

Map 1: -/-	Map 3: -/-	Reducer 2: 0/1	
Map 1: 0/1	Map 3: 0/2	Reducer 2: 0/1	
Map 1: 0/1	Map 3: 0/2	Reducer 2: 0/1	
Map 1: 1/1	Map 3: 0/2	Reducer 2: 0/1	
Map 1: 1/1	Map 3: 1/2	Reducer 2: 0/1	
Map 1: 1/1	Map 3: 1/2	Reducer 2: 0/1	
Map 1: 1/1	Map 3: 2/2	Reducer 2: 0/1	
Map 1: 1/1	Map 3: 2/2	Reducer 2: 0/1	
Map 1: 1/1	Map 3: 2/2	Reducer 2: 0/1	
Map 1: 1/1	Map 3: 2/2	Reducer 2: 0/1	
Map 1: 1/1	Map 3: 2/2	Reducer 2: 0/1	
Map 1: 1/1	Map 3: 2/2	Reducer 2: 0/1	
Map 1: 1/1	Map 3: 2/2	Reducer 2: 0/1	
Map 1: 1/1	Map 3: 2/2	Reducer 2: 0/1	
Map 1: 1/1	Map 3: 2/2	Reducer 2: 0/1	
Map 1: 1/1	Map 3: 2/2	Reducer 2: 0/1	
Map 1: 1/1	Map 3: 2/2	Reducer 2: 0/1	
Map 1: 1/1	Map 3: 2/2	Reducer 2: 0/1	
Map 1: 1/1	Map 3: 2/2	Reducer 2: 0/1	
Map 1: 1/1	Map 3: 2/2	Reducer 2: 0/1	
Map 1: 1/1	Map 3: 2/2	Reducer 2: 0/1	
Map 1: 1/1	Map 3: 2/2	Reducer 2: 1/1	
Status: Finished successfully
Moving data to: hdfs://nn-dogfood.s3s.altiscale.com:8020/hive/thomas_test.db/rar_spj_comined
OK
Time taken: 70.92 seconds

===================================================================
use thomas_test;

drop table if exists rar_spj_combined;

create table rar_spj_combined
as select
    rar.minute_start as rar_minute_start,
    rar.timestamp, 
    rar.jobid,
    rar.memory,
    rar.action,
    rar.system as rar_system,
    rar.date as rar_date,
    spj.*
from
    request_assign_release as rar
full outer join
    state_perminute_job as spj
on (
   rar.minute_start=spj.minute_start and
   rar.jobid = spj.job_id and
   rar.system = spj.system
)
where
    rar.system='iheartradio'
    and spj.system='iheartradio'
-------------------------------------------------------------------
Starting query at: Tue Sep 15 22:10:37 UTC 2015
-------------------------------------------------------------------


Logging initialized using configuration in file:/etc/hive-0.13.1/hive-log4j.properties
Hive history file=/home/hive/log/tnystrand/hive_job_log_a5b5945c-53dd-49f7-81e8-3c5ac56a5d92_1984022123.txt
OK
Time taken: 0.578 seconds
OK
Time taken: 0.226 seconds
Total jobs = 1
Launching Job 1 out of 1


Status: Running (application id: application_1442298768312_2844)

Map 1: -/-	Map 3: -/-	Reducer 2: 0/1	
Map 1: 0/1	Map 3: 0/2	Reducer 2: 0/1	
Map 1: 0/1	Map 3: 0/2	Reducer 2: 0/1	
Map 1: 0/1	Map 3: 0/2	Reducer 2: 0/1	
Map 1: 0/1	Map 3: 0/2	Reducer 2: 0/1	
Map 1: 1/1	Map 3: 0/2	Reducer 2: 0/1	
Map 1: 1/1	Map 3: 0/2	Reducer 2: 0/1	
Map 1: 1/1	Map 3: 1/2	Reducer 2: 0/1	
Map 1: 1/1	Map 3: 1/2	Reducer 2: 0/1	
Map 1: 1/1	Map 3: 1/2	Reducer 2: 0/1	
Map 1: 1/1	Map 3: 2/2	Reducer 2: 0/1	
Map 1: 1/1	Map 3: 2/2	Reducer 2: 0/1	
Map 1: 1/1	Map 3: 2/2	Reducer 2: 0/1	
Map 1: 1/1	Map 3: 2/2	Reducer 2: 0/1	
Map 1: 1/1	Map 3: 2/2	Reducer 2: 0/1	
Map 1: 1/1	Map 3: 2/2	Reducer 2: 1/1	
Status: Finished successfully
Moving data to: hdfs://nn-dogfood.s3s.altiscale.com:8020/hive/thomas_test.db/rar_spj_combined
OK
Time taken: 48.641 seconds

===================================================================
use thomas_test;

drop table if exists rar_spj_combined;

create table rar_spj_combined
as select
    rar.minute_start as rar_minute_start,
    rar.timestamp, 
    rar.jobid,
    rar.memory,
    rar.action,
    rar.system as rar_system,
    rar.date as rar_date,
    spj.*
from
    request_assign_release as rar
full outer join
    state_perminute_job as spj
on (
   rar.minute_start=spj.minute_start and
   rar.jobid = spj.job_id and
   rar.system = spj.system
)
where
    rar.system='iheartradio'
    and spj.system='iheartradio'
    and (rar.minute_start is null or spj.minute_start is null)
-------------------------------------------------------------------
Starting query at: Tue Sep 15 23:22:08 UTC 2015
-------------------------------------------------------------------


Logging initialized using configuration in file:/etc/hive-0.13.1/hive-log4j.properties
Hive history file=/home/hive/log/tnystrand/hive_job_log_55dd5b9a-b291-4caa-8782-3e84c354709f_1631496802.txt
OK
Time taken: 0.563 seconds
OK
Time taken: 0.459 seconds
Total jobs = 1
Launching Job 1 out of 1


Status: Running (application id: application_1442298768312_3123)

Map 1: -/-	Map 3: -/-	Reducer 2: 0/1	
Map 1: 0/1	Map 3: 0/2	Reducer 2: 0/1	
Map 1: 0/1	Map 3: 0/2	Reducer 2: 0/1	
Map 1: 0/1	Map 3: 0/2	Reducer 2: 0/1	
Map 1: 1/1	Map 3: 0/2	Reducer 2: 0/1	
Map 1: 1/1	Map 3: 1/2	Reducer 2: 0/1	
Map 1: 1/1	Map 3: 1/2	Reducer 2: 0/1	
Map 1: 1/1	Map 3: 2/2	Reducer 2: 0/1	
Map 1: 1/1	Map 3: 2/2	Reducer 2: 0/1	
Map 1: 1/1	Map 3: 2/2	Reducer 2: 0/1	
Map 1: 1/1	Map 3: 2/2	Reducer 2: 0/1	
Map 1: 1/1	Map 3: 2/2	Reducer 2: 0/1	
Map 1: 1/1	Map 3: 2/2	Reducer 2: 1/1	
Status: Finished successfully
Moving data to: hdfs://nn-dogfood.s3s.altiscale.com:8020/hive/thomas_test.db/rar_spj_combined
OK
Time taken: 40.553 seconds

